2022/10/05 18:21:11 [DEBUG] Home directory: /Users/park/code/purefabric/organizations/fabric-ca-server
2022/10/05 18:21:11 [DEBUG] parent server URL: ''
2022/10/05 18:21:11 [INFO] Created default configuration file at /Users/park/code/purefabric/organizations/fabric-ca-server/fabric-ca-server-config.yaml
2022/10/05 18:21:11 [INFO] Starting server in home directory: /Users/park/code/purefabric/organizations/fabric-ca-server
2022/10/05 18:21:11 [DEBUG] Set log level: 
2022/10/05 18:21:11 [INFO] Server Version: 1.5.5
2022/10/05 18:21:11 [INFO] Server Levels: &{Identity:2 Affiliation:1 Certificate:1 Credential:1 RAInfo:1 Nonce:1}
2022/10/05 18:21:11 [DEBUG] Making server filenames absolute
2022/10/05 18:21:11 [DEBUG] Initializing default CA in directory /Users/park/code/purefabric/organizations/fabric-ca-server
2022/10/05 18:21:11 [DEBUG] Init CA with home /Users/park/code/purefabric/organizations/fabric-ca-server and config {Version:1.5.5 Cfg:{Identities:{PasswordAttempts:10 AllowRemove:false} Affiliations:{AllowRemove:false}} CA:{Name:ca Keyfile: Certfile:ca-cert.pem Chainfile:ca-chain.pem ReenrollIgnoreCertExpiry:false} Signing:0x140002dcf10 CSR:{CN:fabric-ca-server Names:[{C:US ST:North Carolina L: O:Hyperledger OU:Fabric SerialNumber:}] Hosts:[Parkui-MacBookPro.local localhost] KeyRequest:0x140001c0900 CA:0x14000677ad0 SerialNumber:} Registry:{MaxEnrollments:-1 Identities:[{ Name:**** Pass:**** Type:client Affiliation: MaxEnrollments:0 Attrs:map[hf.AffiliationMgr:1 hf.GenCRL:1 hf.IntermediateCA:1 hf.Registrar.Attributes:* hf.Registrar.DelegateRoles:* hf.Registrar.Roles:* hf.Revoker:1]  }]} Affiliations:map[org1:[department1 department2] org2:[department1]] LDAP:{ Enabled:false URL:ldap://****:****@<host>:<port>/<base> UserFilter:(uid=%s) GroupFilter:(memberUid=%s) Attribute:{[uid member] [{ }] map[groups:[{ }]]} TLS:{false [] { }}  } DB:{ Type:sqlite3 Datasource:fabric-ca-server.db TLS:{false [] { }}  } CSP:0x14000677ce0 Client:<nil> Intermediate:{ParentServer:{ URL: CAName:  } TLS:{Enabled:false CertFiles:[] Client:{KeyFile: CertFile:}} Enrollment:{ Name: Secret:**** CAName: AttrReqs:[] Profile: Label: CSR:<nil> Type:x509  }} CRL:{Expiry:24h0m0s} Idemix:{Curve:amcl.Fp256bn IssuerPublicKeyfile: IssuerSecretKeyfile: RevocationPublicKeyfile: RevocationPrivateKeyfile: RHPoolSize:1000 NonceExpiration:15s NonceSweepInterval:15m}}
2022/10/05 18:21:11 [DEBUG] CA Home Directory: /Users/park/code/purefabric/organizations/fabric-ca-server
2022/10/05 18:21:11 [DEBUG] Checking configuration file version '1.5.5' against server version: '1.5.5'
2022/10/05 18:21:11 [DEBUG] Initializing BCCSP: &{ProviderName:SW SwOpts:0x14000677d40 PluginOpts:<nil> Pkcs11Opts:<nil>}
2022/10/05 18:21:11 [DEBUG] Initializing BCCSP with software options &{SecLevel:256 HashFamily:SHA2 FileKeystore:0x140003d86c0 DummyKeystore:<nil> InmemKeystore:<nil>}
2022/10/05 18:21:11 [DEBUG] Initialize key material
2022/10/05 18:21:11 [DEBUG] Making CA filenames absolute
2022/10/05 18:21:11 [WARNING] &{69 The specified CA certificate file /Users/park/code/purefabric/organizations/fabric-ca-server/ca-cert.pem does not exist}
2022/10/05 18:21:11 [DEBUG] Root CA certificate request: {CN:fabric-ca-server Names:[{C:US ST:North Carolina L: O:Hyperledger OU:Fabric SerialNumber:}] Hosts:[Parkui-MacBookPro.local localhost] KeyRequest:0x140003ae528 CA:0x14000677ad0 SerialNumber:}
2022/10/05 18:21:11 [INFO] generating key: &{A:ecdsa S:256}
2022/10/05 18:21:11 [DEBUG] generate key from request: algo=ecdsa, size=256
2022/10/05 18:21:11 [INFO] encoded CSR
2022/10/05 18:21:11 [DEBUG] validating configuration
2022/10/05 18:21:11 [DEBUG] validate local profile
2022/10/05 18:21:11 [DEBUG] profile is valid
2022/10/05 18:21:11 [INFO] signed certificate with serial number 1629092627286341382806995187040068595604497789
2022/10/05 18:21:11 [INFO] The CA key and certificate were generated for CA ca
2022/10/05 18:21:11 [INFO] The key was stored by BCCSP provider 'SW'
2022/10/05 18:21:11 [INFO] The certificate is at: /Users/park/code/purefabric/organizations/fabric-ca-server/ca-cert.pem
2022/10/05 18:21:11 [DEBUG] Initializing DB
2022/10/05 18:21:11 [DEBUG] Initializing 'sqlite3' database at '/Users/park/code/purefabric/organizations/fabric-ca-server/fabric-ca-server.db'
2022/10/05 18:21:11 [DEBUG] Using sqlite database, connect to database in home (/Users/park/code/purefabric/organizations/fabric-ca-server/fabric-ca-server.db) directory
2022/10/05 18:21:11 [DEBUG] Creating SQLite database (/Users/park/code/purefabric/organizations/fabric-ca-server/fabric-ca-server.db) if it does not exist...
2022/10/05 18:21:11 [DEBUG] Creating users table if it does not exist
2022/10/05 18:21:11 [DEBUG] Creating affiliations table if it does not exist
2022/10/05 18:21:11 [DEBUG] Creating certificates table if it does not exist
2022/10/05 18:21:11 [DEBUG] Creating credentials table if it does not exist
2022/10/05 18:21:11 [DEBUG] Creating revocation_authority_info table if it does not exist
2022/10/05 18:21:11 [DEBUG] Creating nonces table if it does not exist
2022/10/05 18:21:11 [DEBUG] Creating properties table if it does not exist
2022/10/05 18:21:11 [DEBUG] Successfully opened sqlite3 DB
2022/10/05 18:21:11 [DEBUG] Initializing identity registry
2022/10/05 18:21:11 [DEBUG] Initialized DB identity registry
2022/10/05 18:21:11 [DEBUG] Checking database levels '&{Identity:0 Affiliation:0 Certificate:0 Credential:0 RAInfo:0 Nonce:0}' against server levels '&{Identity:2 Affiliation:1 Certificate:1 Credential:1 RAInfo:1 Nonce:1}'
2022/10/05 18:21:11 [DEBUG] Migrating users table...
2022/10/05 18:21:11 [DEBUG] Upgrade identity table to level 1
2022/10/05 18:21:11 [DEBUG] Creating users table if it does not exist
2022/10/05 18:21:11 [DEBUG] Upgrade identity table to level 2
2022/10/05 18:21:11 [DEBUG] Creating users table if it does not exist
2022/10/05 18:21:11 [DEBUG] Migrating affiliation table...
2022/10/05 18:21:11 [DEBUG] Upgrade affiliations table to level 1
2022/10/05 18:21:11 [DEBUG] Creating affiliations table if it does not exist
2022/10/05 18:21:11 [DEBUG] Upgrade certificates table...
2022/10/05 18:21:11 [DEBUG] Upgrade certificates table to level 1
2022/10/05 18:21:11 [DEBUG] Creating certificates table if it does not exist
2022/10/05 18:21:11 [DEBUG] Migrating credentials table...
2022/10/05 18:21:11 [DEBUG] Migrating nonces table...
2022/10/05 18:21:11 [DEBUG] Migrating revocation_authority_info table...
2022/10/05 18:21:11 [DEBUG] Loading identity table
2022/10/05 18:21:11 [DEBUG] Loading identity 'admin'
2022/10/05 18:21:11 [DEBUG] DB: Getting identity admin
2022/10/05 18:21:11 [DEBUG] Max enrollment value verification - User specified max enrollment: 0, CA max enrollment: -1
2022/10/05 18:21:11 [DEBUG] DB: Add identity admin
2022/10/05 18:21:11 [DEBUG] Successfully added identity admin to the database
2022/10/05 18:21:11 [DEBUG] Registered identity: { Name:**** Pass:**** Type:client Affiliation: MaxEnrollments:-1 Attrs:map[hf.AffiliationMgr:1 hf.GenCRL:1 hf.IntermediateCA:1 hf.Registrar.Attributes:* hf.Registrar.DelegateRoles:* hf.Registrar.Roles:* hf.Revoker:1]  }
2022/10/05 18:21:11 [DEBUG] Successfully loaded identity table
2022/10/05 18:21:11 [DEBUG] Loading affiliations table
2022/10/05 18:21:11 [DEBUG] DB: Add affiliation org2
2022/10/05 18:21:11 [DEBUG] Affiliation 'org2' added
2022/10/05 18:21:11 [DEBUG] DB: Add affiliation org2.department1
2022/10/05 18:21:11 [DEBUG] Affiliation 'org2.department1' added
2022/10/05 18:21:11 [DEBUG] DB: Add affiliation org1
2022/10/05 18:21:11 [DEBUG] Affiliation 'org1' added
2022/10/05 18:21:11 [DEBUG] DB: Add affiliation org1.department1
2022/10/05 18:21:11 [DEBUG] Affiliation 'org1.department1' added
2022/10/05 18:21:11 [DEBUG] DB: Add affiliation org1.department2
2022/10/05 18:21:11 [DEBUG] Affiliation 'org1.department2' added
2022/10/05 18:21:11 [DEBUG] Successfully loaded affiliations table
2022/10/05 18:21:11 [INFO] Initialized sqlite3 database at /Users/park/code/purefabric/organizations/fabric-ca-server/fabric-ca-server.db
2022/10/05 18:21:11 [DEBUG] Initializing enrollment signer
2022/10/05 18:21:11 [DEBUG] validating configuration
2022/10/05 18:21:11 [DEBUG] validate local profile
2022/10/05 18:21:11 [DEBUG] profile is valid
2022/10/05 18:21:11 [DEBUG] validate local profile
2022/10/05 18:21:11 [DEBUG] profile is valid
2022/10/05 18:21:11 [DEBUG] validate local profile
2022/10/05 18:21:11 [DEBUG] profile is valid
2022/10/05 18:21:11 [DEBUG] CA initialization successful
2022/10/05 18:21:11 [DEBUG] Initializing Idemix issuer...
2022/10/05 18:21:11 [DEBUG] Using curve amcl.Fp256bn for Idemix
2022/10/05 18:21:12 [INFO] The issuer key was successfully stored. The public key is at: /Users/park/code/purefabric/organizations/fabric-ca-server/IssuerPublicKey, secret key is at: /Users/park/code/purefabric/organizations/fabric-ca-server/msp/keystore/IssuerSecretKey
2022/10/05 18:21:12 [DEBUG] Intializing revocation authority for issuer 'ca'
2022/10/05 18:21:12 [DEBUG] Initialize Idemix issuer revocation key material
2022/10/05 18:21:12 [INFO] Idemix issuer revocation public and secret keys were generated for CA 'ca'
2022/10/05 18:21:12 [INFO] The revocation key was successfully stored. The public key is at: /Users/park/code/purefabric/organizations/fabric-ca-server/IssuerRevocationPublicKey, private key is at: /Users/park/code/purefabric/organizations/fabric-ca-server/msp/keystore/IssuerRevocationPrivateKey
2022/10/05 18:21:12 [DEBUG] Intializing nonce manager for issuer 'ca'
2022/10/05 18:21:12 [INFO] Home directory for default CA: /Users/park/code/purefabric/organizations/fabric-ca-server
2022/10/05 18:21:12 [DEBUG] 1 CA instance(s) running on server
2022/10/05 18:21:12 [INFO] Operation Server Listening on [::]:7443
2022/10/05 18:21:12 [DEBUG] TLS is enabled
2022/10/05 18:21:12 [DEBUG] TLS enabled but either certificate or key file does not exist, automatically generating TLS credentials
2022/10/05 18:21:12 [DEBUG] TLS CSR: {CN:fabric-ca-server Names:[{C:US ST:North Carolina L: O:Hyperledger OU:Fabric SerialNumber:}] Hosts:[Parkui-MacBookPro.local localhost] KeyRequest:0x140001c0900 CA:<nil> SerialNumber:}
2022/10/05 18:21:12 [DEBUG] GenCSR &{CN:fabric-ca-server Names:[{C:US ST:North Carolina L: O:Hyperledger OU:Fabric SerialNumber:}] Hosts:[Parkui-MacBookPro.local localhost] KeyRequest:0x140001c0900 CA:<nil> SerialNumber:}
2022/10/05 18:21:12 [DEBUG] Initializing client with config: &{URL: MSPDir: TLS:{Enabled:false CertFiles:[] Client:{KeyFile: CertFile:}} Enrollment:{ Name: Secret:**** CAName: AttrReqs:[] Profile: Label: CSR:<nil> Type:  } CSR:{CN: Names:[] Hosts:[] KeyRequest:<nil> CA:<nil> SerialNumber:} ID:{Name: Type: Secret: MaxEnrollments:0 Affiliation: Attributes:[] CAName:} Revoke:{Name: Serial: AKI: Reason: CAName: GenCRL:false} CAInfo:{CAName:} CAName: CSP:0x14000677ce0 Debug:false LogLevel: Idemix:{Curve:}}
2022/10/05 18:21:12 [DEBUG] Initializing BCCSP: &{ProviderName:SW SwOpts:0x14000677d40 PluginOpts:<nil> Pkcs11Opts:<nil>}
2022/10/05 18:21:12 [DEBUG] Initializing BCCSP with software options &{SecLevel:256 HashFamily:SHA2 FileKeystore:0x140003d86c0 DummyKeystore:<nil> InmemKeystore:<nil>}
2022/10/05 18:21:12 [DEBUG] CurveID for Idemix not specified, defaulting to amcl.Fp256bn
2022/10/05 18:21:12 [INFO] generating key: &{A:ecdsa S:256}
2022/10/05 18:21:12 [DEBUG] generate key from request: algo=ecdsa, size=256
2022/10/05 18:21:12 [INFO] encoded CSR
2022/10/05 18:21:12 [INFO] signed certificate with serial number 630034230488630525550092467033005093657609597761
2022/10/05 18:21:12 [DEBUG] DB: Insert Certificate
2022/10/05 18:21:12 [DEBUG] Saved serial number as hex 6e5bb644e8fe4ff58f93a6ba1231b786d2317341
2022/10/05 18:21:12 [DEBUG] saved certificate with serial number 630034230488630525550092467033005093657609597761
2022/10/05 18:21:12 [DEBUG] Generated TLS Certificate: /Users/park/code/purefabric/organizations/fabric-ca-server/tls-cert.pem
2022/10/05 18:21:12 [DEBUG] Client authentication type requested: noclientcert
2022/10/05 18:21:12 [INFO] Listening on https://0.0.0.0:7054
2022/10/05 18:21:16 [DEBUG] Received request for /enroll
2022/10/05 18:21:16 [DEBUG] ca.Config: &{Version:1.5.5 Cfg:{Identities:{PasswordAttempts:10 AllowRemove:false} Affiliations:{AllowRemove:false}} CA:{Name:ca Keyfile:/Users/park/code/purefabric/organizations/fabric-ca-server/ca-key.pem Certfile:/Users/park/code/purefabric/organizations/fabric-ca-server/ca-cert.pem Chainfile:/Users/park/code/purefabric/organizations/fabric-ca-server/ca-chain.pem ReenrollIgnoreCertExpiry:false} Signing:0x140002dcf10 CSR:{CN:fabric-ca-server Names:[{C:US ST:North Carolina L: O:Hyperledger OU:Fabric SerialNumber:}] Hosts:[Parkui-MacBookPro.local localhost] KeyRequest:0x140001c0900 CA:0x14000677ad0 SerialNumber:} Registry:{MaxEnrollments:-1 Identities:[{ Name:**** Pass:**** Type:client Affiliation: MaxEnrollments:0 Attrs:map[hf.AffiliationMgr:1 hf.GenCRL:1 hf.IntermediateCA:1 hf.Registrar.Attributes:* hf.Registrar.DelegateRoles:* hf.Registrar.Roles:* hf.Revoker:1]  }]} Affiliations:map[org1:[department1 department2] org2:[department1]] LDAP:{ Enabled:false URL:ldap://****:****@<host>:<port>/<base> UserFilter:(uid=%s) GroupFilter:(memberUid=%s) Attribute:{[uid member] [{ }] map[groups:[{ }]]} TLS:{false [] { }}  } DB:{ Type:sqlite3 Datasource:/Users/park/code/purefabric/organizations/fabric-ca-server/fabric-ca-server.db TLS:{false [] { }}  } CSP:0x14000677ce0 Client:<nil> Intermediate:{ParentServer:{ URL: CAName:  } TLS:{Enabled:false CertFiles:[] Client:{KeyFile: CertFile:}} Enrollment:{ Name: Secret:**** CAName: AttrReqs:[] Profile: Label: CSR:<nil> Type:x509  }} CRL:{Expiry:24h0m0s} Idemix:{Curve:amcl.Fp256bn IssuerPublicKeyfile:/Users/park/code/purefabric/organizations/fabric-ca-server/IssuerPublicKey IssuerSecretKeyfile:/Users/park/code/purefabric/organizations/fabric-ca-server/msp/keystore/IssuerSecretKey RevocationPublicKeyfile:/Users/park/code/purefabric/organizations/fabric-ca-server/IssuerRevocationPublicKey RevocationPrivateKeyfile:/Users/park/code/purefabric/organizations/fabric-ca-server/msp/keystore/IssuerRevocationPrivateKey RHPoolSize:1000 NonceExpiration:15s NonceSweepInterval:15m}}
2022/10/05 18:21:16 [DEBUG] DB: Getting identity admin
2022/10/05 18:21:16 [DEBUG] DB: Login user admin with max enrollments of -1 and state of 0
2022/10/05 18:21:17 [DEBUG] DB: identity admin successfully logged in
2022/10/05 18:21:17 [DEBUG] DB: Getting identity admin
2022/10/05 18:21:17 [DEBUG] Requested expiry '0001-01-01 00:00:00 +0000 UTC' is before the CA certificate expiry '2022-10-05 09:16:00 +0000 UTC'. Will use CA cert expiry
2022/10/05 18:21:17 [DEBUG] Processing sign request: id=admin, CommonName=admin, Subject=<nil>
2022/10/05 18:21:17 [DEBUG] Request is not for a CA signing certificate
2022/10/05 18:21:17 [DEBUG] Checking CSR fields to make sure that they do not exceed maximum character limits
2022/10/05 18:21:17 [DEBUG] Finished processing sign request
2022/10/05 18:21:17 [DEBUG] DB: Getting identity admin
2022/10/05 18:21:17 [INFO] signed certificate with serial number 465831741627325372401002847646345552214429545071
2022/10/05 18:21:17 [DEBUG] DB: Insert Certificate
2022/10/05 18:21:17 [DEBUG] Saved serial number as hex 51989e23caa465c3ca2fffc9597116f62424326f
2022/10/05 18:21:17 [DEBUG] saved certificate with serial number 465831741627325372401002847646345552214429545071
2022/10/05 18:21:17 [DEBUG] Successfully incremented state for identity admin to 1
2022/10/05 18:21:17 [INFO] [::1]:53932 POST /enroll 201 0 "OK"
2022/10/05 18:21:17 [DEBUG] Received request for /register
2022/10/05 18:21:17 [DEBUG] Caller is using a x509 certificate
2022/10/05 18:21:17 [DEBUG] Certicate Dates: NotAfter = 2023-10-05 09:21:00 +0000 UTC NotBefore = 2022-10-05 09:16:00 +0000 UTC 
2022/10/05 18:21:17 [DEBUG] Checking for revocation/expiration of certificate owned by 'admin'
2022/10/05 18:21:17 [DEBUG] DB: Get certificate by serial (51989e23caa465c3ca2fffc9597116f62424326f) and aki (5c35bb5a30a1e7282426a033a26b041c6bd969ea)
2022/10/05 18:21:17 [DEBUG] DB: Getting identity admin
2022/10/05 18:21:17 [DEBUG] Successful token authentication of 'admin'
2022/10/05 18:21:17 [DEBUG] Received registration request from admin: { Name:peer0 Type:peer Secret:**** MaxEnrollments:0 Affiliation: Attributes:[] CAName:ca  }
2022/10/05 18:21:17 [DEBUG] No affiliation provided in registration request, will default to using registrar's affiliation of ''
2022/10/05 18:21:17 [DEBUG] canRegister - Check to see if user 'admin' can register
2022/10/05 18:21:17 [DEBUG] Checking to see if caller 'admin' can act on type 'peer'
2022/10/05 18:21:17 [DEBUG] Checking to see if caller 'admin' is a registrar
2022/10/05 18:21:17 [DEBUG] Validating affiliation: 
2022/10/05 18:21:17 [DEBUG] Checking to see if affiliation '' contains caller's affiliation ''
2022/10/05 18:21:17 [DEBUG] Caller has root affiliation
2022/10/05 18:21:17 [DEBUG] Registering user id: peer0
2022/10/05 18:21:17 [DEBUG] Max enrollment value verification - User specified max enrollment: 0, CA max enrollment: -1
2022/10/05 18:21:17 [DEBUG] DB: Getting identity peer0
2022/10/05 18:21:17 [DEBUG] DB: Add identity peer0
2022/10/05 18:21:17 [DEBUG] Successfully added identity peer0 to the database
2022/10/05 18:21:17 [INFO] [::1]:53935 POST /register 201 0 "OK"
2022/10/05 18:21:17 [DEBUG] Received request for /register
2022/10/05 18:21:17 [DEBUG] Caller is using a x509 certificate
2022/10/05 18:21:17 [DEBUG] Certicate Dates: NotAfter = 2023-10-05 09:21:00 +0000 UTC NotBefore = 2022-10-05 09:16:00 +0000 UTC 
2022/10/05 18:21:17 [DEBUG] Checking for revocation/expiration of certificate owned by 'admin'
2022/10/05 18:21:17 [DEBUG] DB: Get certificate by serial (51989e23caa465c3ca2fffc9597116f62424326f) and aki (5c35bb5a30a1e7282426a033a26b041c6bd969ea)
2022/10/05 18:21:17 [DEBUG] DB: Getting identity admin
2022/10/05 18:21:17 [DEBUG] Successful token authentication of 'admin'
2022/10/05 18:21:17 [DEBUG] Received registration request from admin: { Name:user1 Type:client Secret:**** MaxEnrollments:0 Affiliation: Attributes:[{hf.Registrar.Roles client false}] CAName:ca  }
2022/10/05 18:21:17 [DEBUG] No affiliation provided in registration request, will default to using registrar's affiliation of ''
2022/10/05 18:21:17 [DEBUG] canRegister - Check to see if user 'admin' can register
2022/10/05 18:21:17 [DEBUG] Checking to see if caller 'admin' can act on type 'client'
2022/10/05 18:21:17 [DEBUG] Checking to see if caller 'admin' is a registrar
2022/10/05 18:21:17 [DEBUG] Validating affiliation: 
2022/10/05 18:21:17 [DEBUG] Checking to see if affiliation '' contains caller's affiliation ''
2022/10/05 18:21:17 [DEBUG] Caller has root affiliation
2022/10/05 18:21:17 [DEBUG] Checking to see if registrar can register the requested attributes: [{Name:hf.Registrar.Roles Value:client ECert:false}]
2022/10/05 18:21:17 [DEBUG] Validating that registrar with the following values for hf.Registrar.Attributes '*' is authorized to register the requested attribute '&{Name:hf.Registrar.Roles Value:client ECert:false}'
2022/10/05 18:21:17 [DEBUG] Checking if registrar can register attribute: hf.Registrar.Roles
2022/10/05 18:21:17 [DEBUG] Performing authorization check...
2022/10/05 18:21:17 [DEBUG] Checking if caller is authorized to register attribute 'hf.Registrar.Roles' with the requested value of 'client'
2022/10/05 18:21:17 [DEBUG] Requested attribute type is list
2022/10/05 18:21:17 [DEBUG] Registering user id: user1
2022/10/05 18:21:17 [DEBUG] Max enrollment value verification - User specified max enrollment: 0, CA max enrollment: -1
2022/10/05 18:21:17 [DEBUG] DB: Getting identity user1
2022/10/05 18:21:17 [DEBUG] DB: Add identity user1
2022/10/05 18:21:17 [DEBUG] Successfully added identity user1 to the database
2022/10/05 18:21:17 [INFO] [::1]:53938 POST /register 201 0 "OK"
2022/10/05 18:21:17 [DEBUG] Received request for /register
2022/10/05 18:21:17 [DEBUG] Caller is using a x509 certificate
2022/10/05 18:21:17 [DEBUG] Certicate Dates: NotAfter = 2023-10-05 09:21:00 +0000 UTC NotBefore = 2022-10-05 09:16:00 +0000 UTC 
2022/10/05 18:21:17 [DEBUG] Checking for revocation/expiration of certificate owned by 'admin'
2022/10/05 18:21:17 [DEBUG] DB: Get certificate by serial (51989e23caa465c3ca2fffc9597116f62424326f) and aki (5c35bb5a30a1e7282426a033a26b041c6bd969ea)
2022/10/05 18:21:17 [DEBUG] DB: Getting identity admin
2022/10/05 18:21:17 [DEBUG] Successful token authentication of 'admin'
2022/10/05 18:21:17 [DEBUG] Received registration request from admin: { Name:user2 Type:client Secret:**** MaxEnrollments:0 Affiliation: Attributes:[{hf.Registrar.Roles client false}] CAName:ca  }
2022/10/05 18:21:17 [DEBUG] No affiliation provided in registration request, will default to using registrar's affiliation of ''
2022/10/05 18:21:17 [DEBUG] canRegister - Check to see if user 'admin' can register
2022/10/05 18:21:17 [DEBUG] Checking to see if caller 'admin' can act on type 'client'
2022/10/05 18:21:17 [DEBUG] Checking to see if caller 'admin' is a registrar
2022/10/05 18:21:17 [DEBUG] Validating affiliation: 
2022/10/05 18:21:17 [DEBUG] Checking to see if affiliation '' contains caller's affiliation ''
2022/10/05 18:21:17 [DEBUG] Caller has root affiliation
2022/10/05 18:21:17 [DEBUG] Checking to see if registrar can register the requested attributes: [{Name:hf.Registrar.Roles Value:client ECert:false}]
2022/10/05 18:21:17 [DEBUG] Validating that registrar with the following values for hf.Registrar.Attributes '*' is authorized to register the requested attribute '&{Name:hf.Registrar.Roles Value:client ECert:false}'
2022/10/05 18:21:17 [DEBUG] Checking if registrar can register attribute: hf.Registrar.Roles
2022/10/05 18:21:17 [DEBUG] Performing authorization check...
2022/10/05 18:21:17 [DEBUG] Checking if caller is authorized to register attribute 'hf.Registrar.Roles' with the requested value of 'client'
2022/10/05 18:21:17 [DEBUG] Requested attribute type is list
2022/10/05 18:21:17 [DEBUG] Registering user id: user2
2022/10/05 18:21:17 [DEBUG] Max enrollment value verification - User specified max enrollment: 0, CA max enrollment: -1
2022/10/05 18:21:17 [DEBUG] DB: Getting identity user2
2022/10/05 18:21:17 [DEBUG] DB: Add identity user2
2022/10/05 18:21:17 [DEBUG] Successfully added identity user2 to the database
2022/10/05 18:21:17 [INFO] [::1]:53941 POST /register 201 0 "OK"
2022/10/05 18:21:17 [DEBUG] Received request for /register
2022/10/05 18:21:17 [DEBUG] Caller is using a x509 certificate
2022/10/05 18:21:17 [DEBUG] Certicate Dates: NotAfter = 2023-10-05 09:21:00 +0000 UTC NotBefore = 2022-10-05 09:16:00 +0000 UTC 
2022/10/05 18:21:17 [DEBUG] Checking for revocation/expiration of certificate owned by 'admin'
2022/10/05 18:21:17 [DEBUG] DB: Get certificate by serial (51989e23caa465c3ca2fffc9597116f62424326f) and aki (5c35bb5a30a1e7282426a033a26b041c6bd969ea)
2022/10/05 18:21:17 [DEBUG] DB: Getting identity admin
2022/10/05 18:21:17 [DEBUG] Successful token authentication of 'admin'
2022/10/05 18:21:17 [DEBUG] Received registration request from admin: { Name:user3 Type:client Secret:**** MaxEnrollments:0 Affiliation: Attributes:[{hf.Registrar.Roles client false}] CAName:ca  }
2022/10/05 18:21:17 [DEBUG] No affiliation provided in registration request, will default to using registrar's affiliation of ''
2022/10/05 18:21:17 [DEBUG] canRegister - Check to see if user 'admin' can register
2022/10/05 18:21:17 [DEBUG] Checking to see if caller 'admin' can act on type 'client'
2022/10/05 18:21:17 [DEBUG] Checking to see if caller 'admin' is a registrar
2022/10/05 18:21:17 [DEBUG] Validating affiliation: 
2022/10/05 18:21:17 [DEBUG] Checking to see if affiliation '' contains caller's affiliation ''
2022/10/05 18:21:17 [DEBUG] Caller has root affiliation
2022/10/05 18:21:17 [DEBUG] Checking to see if registrar can register the requested attributes: [{Name:hf.Registrar.Roles Value:client ECert:false}]
2022/10/05 18:21:17 [DEBUG] Validating that registrar with the following values for hf.Registrar.Attributes '*' is authorized to register the requested attribute '&{Name:hf.Registrar.Roles Value:client ECert:false}'
2022/10/05 18:21:17 [DEBUG] Checking if registrar can register attribute: hf.Registrar.Roles
2022/10/05 18:21:17 [DEBUG] Performing authorization check...
2022/10/05 18:21:17 [DEBUG] Checking if caller is authorized to register attribute 'hf.Registrar.Roles' with the requested value of 'client'
2022/10/05 18:21:17 [DEBUG] Requested attribute type is list
2022/10/05 18:21:17 [DEBUG] Registering user id: user3
2022/10/05 18:21:17 [DEBUG] Max enrollment value verification - User specified max enrollment: 0, CA max enrollment: -1
2022/10/05 18:21:17 [DEBUG] DB: Getting identity user3
2022/10/05 18:21:17 [DEBUG] DB: Add identity user3
2022/10/05 18:21:17 [DEBUG] Successfully added identity user3 to the database
2022/10/05 18:21:17 [INFO] [::1]:53944 POST /register 201 0 "OK"
2022/10/05 18:21:17 [DEBUG] Received request for /register
2022/10/05 18:21:17 [DEBUG] Caller is using a x509 certificate
2022/10/05 18:21:17 [DEBUG] Certicate Dates: NotAfter = 2023-10-05 09:21:00 +0000 UTC NotBefore = 2022-10-05 09:16:00 +0000 UTC 
2022/10/05 18:21:17 [DEBUG] Checking for revocation/expiration of certificate owned by 'admin'
2022/10/05 18:21:17 [DEBUG] DB: Get certificate by serial (51989e23caa465c3ca2fffc9597116f62424326f) and aki (5c35bb5a30a1e7282426a033a26b041c6bd969ea)
2022/10/05 18:21:17 [DEBUG] DB: Getting identity admin
2022/10/05 18:21:17 [DEBUG] Successful token authentication of 'admin'
2022/10/05 18:21:17 [DEBUG] Received registration request from admin: { Name:org1admin Type:admin Secret:**** MaxEnrollments:0 Affiliation: Attributes:[{hf.Registrar.Roles admin false} {hf.Revoker true false}] CAName:ca  }
2022/10/05 18:21:17 [DEBUG] No affiliation provided in registration request, will default to using registrar's affiliation of ''
2022/10/05 18:21:17 [DEBUG] canRegister - Check to see if user 'admin' can register
2022/10/05 18:21:17 [DEBUG] Checking to see if caller 'admin' can act on type 'admin'
2022/10/05 18:21:17 [DEBUG] Checking to see if caller 'admin' is a registrar
2022/10/05 18:21:17 [DEBUG] Validating affiliation: 
2022/10/05 18:21:17 [DEBUG] Checking to see if affiliation '' contains caller's affiliation ''
2022/10/05 18:21:17 [DEBUG] Caller has root affiliation
2022/10/05 18:21:17 [DEBUG] Checking to see if registrar can register the requested attributes: [{Name:hf.Registrar.Roles Value:admin ECert:false} {Name:hf.Revoker Value:true ECert:false}]
2022/10/05 18:21:17 [DEBUG] Validating that registrar with the following values for hf.Registrar.Attributes '*' is authorized to register the requested attribute '&{Name:hf.Registrar.Roles Value:admin ECert:false}'
2022/10/05 18:21:17 [DEBUG] Checking if registrar can register attribute: hf.Registrar.Roles
2022/10/05 18:21:17 [DEBUG] Performing authorization check...
2022/10/05 18:21:17 [DEBUG] Checking if caller is authorized to register attribute 'hf.Registrar.Roles' with the requested value of 'admin'
2022/10/05 18:21:17 [DEBUG] Requested attribute type is list
2022/10/05 18:21:17 [DEBUG] Validating that registrar with the following values for hf.Registrar.Attributes '*' is authorized to register the requested attribute '&{Name:hf.Revoker Value:true ECert:false}'
2022/10/05 18:21:17 [DEBUG] Checking if registrar can register attribute: hf.Revoker
2022/10/05 18:21:17 [DEBUG] Performing authorization check...
2022/10/05 18:21:17 [DEBUG] Checking if caller is authorized to register attribute 'hf.Revoker' with the requested value of 'true'
2022/10/05 18:21:17 [DEBUG] Requested attribute type is boolean
2022/10/05 18:21:17 [DEBUG] Registering user id: org1admin
2022/10/05 18:21:17 [DEBUG] Max enrollment value verification - User specified max enrollment: 0, CA max enrollment: -1
2022/10/05 18:21:17 [DEBUG] DB: Getting identity org1admin
2022/10/05 18:21:17 [DEBUG] DB: Add identity org1admin
2022/10/05 18:21:17 [DEBUG] Successfully added identity org1admin to the database
2022/10/05 18:21:17 [INFO] [::1]:53947 POST /register 201 0 "OK"
2022/10/05 18:21:17 [DEBUG] Received request for /enroll
2022/10/05 18:21:17 [DEBUG] ca.Config: &{Version:1.5.5 Cfg:{Identities:{PasswordAttempts:10 AllowRemove:false} Affiliations:{AllowRemove:false}} CA:{Name:ca Keyfile:/Users/park/code/purefabric/organizations/fabric-ca-server/ca-key.pem Certfile:/Users/park/code/purefabric/organizations/fabric-ca-server/ca-cert.pem Chainfile:/Users/park/code/purefabric/organizations/fabric-ca-server/ca-chain.pem ReenrollIgnoreCertExpiry:false} Signing:0x140002dcf10 CSR:{CN:fabric-ca-server Names:[{C:US ST:North Carolina L: O:Hyperledger OU:Fabric SerialNumber:}] Hosts:[Parkui-MacBookPro.local localhost] KeyRequest:0x140001c0900 CA:0x14000677ad0 SerialNumber:} Registry:{MaxEnrollments:-1 Identities:[{ Name:**** Pass:**** Type:client Affiliation: MaxEnrollments:0 Attrs:map[hf.AffiliationMgr:1 hf.GenCRL:1 hf.IntermediateCA:1 hf.Registrar.Attributes:* hf.Registrar.DelegateRoles:* hf.Registrar.Roles:* hf.Revoker:1]  }]} Affiliations:map[org1:[department1 department2] org2:[department1]] LDAP:{ Enabled:false URL:ldap://****:****@<host>:<port>/<base> UserFilter:(uid=%s) GroupFilter:(memberUid=%s) Attribute:{[uid member] [{ }] map[groups:[{ }]]} TLS:{false [] { }}  } DB:{ Type:sqlite3 Datasource:/Users/park/code/purefabric/organizations/fabric-ca-server/fabric-ca-server.db TLS:{false [] { }}  } CSP:0x14000677ce0 Client:<nil> Intermediate:{ParentServer:{ URL: CAName:  } TLS:{Enabled:false CertFiles:[] Client:{KeyFile: CertFile:}} Enrollment:{ Name: Secret:**** CAName: AttrReqs:[] Profile: Label: CSR:<nil> Type:x509  }} CRL:{Expiry:24h0m0s} Idemix:{Curve:amcl.Fp256bn IssuerPublicKeyfile:/Users/park/code/purefabric/organizations/fabric-ca-server/IssuerPublicKey IssuerSecretKeyfile:/Users/park/code/purefabric/organizations/fabric-ca-server/msp/keystore/IssuerSecretKey RevocationPublicKeyfile:/Users/park/code/purefabric/organizations/fabric-ca-server/IssuerRevocationPublicKey RevocationPrivateKeyfile:/Users/park/code/purefabric/organizations/fabric-ca-server/msp/keystore/IssuerRevocationPrivateKey RHPoolSize:1000 NonceExpiration:15s NonceSweepInterval:15m}}
2022/10/05 18:21:17 [DEBUG] DB: Getting identity peer0
2022/10/05 18:21:17 [DEBUG] DB: Login user peer0 with max enrollments of -1 and state of 0
2022/10/05 18:21:17 [DEBUG] DB: identity peer0 successfully logged in
2022/10/05 18:21:17 [DEBUG] DB: Getting identity peer0
2022/10/05 18:21:17 [DEBUG] Requested expiry '0001-01-01 00:00:00 +0000 UTC' is before the CA certificate expiry '2022-10-05 09:16:00 +0000 UTC'. Will use CA cert expiry
2022/10/05 18:21:17 [DEBUG] Processing sign request: id=peer0, CommonName=peer0, Subject=<nil>
2022/10/05 18:21:17 [DEBUG] Request is not for a CA signing certificate
2022/10/05 18:21:17 [DEBUG] Checking CSR fields to make sure that they do not exceed maximum character limits
2022/10/05 18:21:17 [DEBUG] Finished processing sign request
2022/10/05 18:21:17 [DEBUG] DB: Getting identity peer0
2022/10/05 18:21:17 [DEBUG] Attribute extension being added to certificate is: &{ID:[1 2 3 4 5 6 7 8 1] Critical:false Value:7b226174747273223a7b2268662e416666696c696174696f6e223a22222c2268662e456e726f6c6c6d656e744944223a227065657230222c2268662e54797065223a2270656572227d7d}
2022/10/05 18:21:17 [DEBUG] Adding attribute extension to CSR: &{ID:[1 2 3 4 5 6 7 8 1] Critical:false Value:7b226174747273223a7b2268662e416666696c696174696f6e223a22222c2268662e456e726f6c6c6d656e744944223a227065657230222c2268662e54797065223a2270656572227d7d}
2022/10/05 18:21:17 [INFO] signed certificate with serial number 191709942107963517728801686262437996395863224224
2022/10/05 18:21:17 [DEBUG] DB: Insert Certificate
2022/10/05 18:21:17 [DEBUG] Saved serial number as hex 21949234dc6709cb922a75b9b1c22398666c2fa0
2022/10/05 18:21:17 [DEBUG] saved certificate with serial number 191709942107963517728801686262437996395863224224
2022/10/05 18:21:17 [DEBUG] Successfully incremented state for identity peer0 to 1
2022/10/05 18:21:17 [INFO] [::1]:53950 POST /enroll 201 0 "OK"
2022/10/05 18:21:17 [DEBUG] Received request for /enroll
2022/10/05 18:21:17 [DEBUG] ca.Config: &{Version:1.5.5 Cfg:{Identities:{PasswordAttempts:10 AllowRemove:false} Affiliations:{AllowRemove:false}} CA:{Name:ca Keyfile:/Users/park/code/purefabric/organizations/fabric-ca-server/ca-key.pem Certfile:/Users/park/code/purefabric/organizations/fabric-ca-server/ca-cert.pem Chainfile:/Users/park/code/purefabric/organizations/fabric-ca-server/ca-chain.pem ReenrollIgnoreCertExpiry:false} Signing:0x140002dcf10 CSR:{CN:fabric-ca-server Names:[{C:US ST:North Carolina L: O:Hyperledger OU:Fabric SerialNumber:}] Hosts:[Parkui-MacBookPro.local localhost] KeyRequest:0x140001c0900 CA:0x14000677ad0 SerialNumber:} Registry:{MaxEnrollments:-1 Identities:[{ Name:**** Pass:**** Type:client Affiliation: MaxEnrollments:0 Attrs:map[hf.AffiliationMgr:1 hf.GenCRL:1 hf.IntermediateCA:1 hf.Registrar.Attributes:* hf.Registrar.DelegateRoles:* hf.Registrar.Roles:* hf.Revoker:1]  }]} Affiliations:map[org1:[department1 department2] org2:[department1]] LDAP:{ Enabled:false URL:ldap://****:****@<host>:<port>/<base> UserFilter:(uid=%s) GroupFilter:(memberUid=%s) Attribute:{[uid member] [{ }] map[groups:[{ }]]} TLS:{false [] { }}  } DB:{ Type:sqlite3 Datasource:/Users/park/code/purefabric/organizations/fabric-ca-server/fabric-ca-server.db TLS:{false [] { }}  } CSP:0x14000677ce0 Client:<nil> Intermediate:{ParentServer:{ URL: CAName:  } TLS:{Enabled:false CertFiles:[] Client:{KeyFile: CertFile:}} Enrollment:{ Name: Secret:**** CAName: AttrReqs:[] Profile: Label: CSR:<nil> Type:x509  }} CRL:{Expiry:24h0m0s} Idemix:{Curve:amcl.Fp256bn IssuerPublicKeyfile:/Users/park/code/purefabric/organizations/fabric-ca-server/IssuerPublicKey IssuerSecretKeyfile:/Users/park/code/purefabric/organizations/fabric-ca-server/msp/keystore/IssuerSecretKey RevocationPublicKeyfile:/Users/park/code/purefabric/organizations/fabric-ca-server/IssuerRevocationPublicKey RevocationPrivateKeyfile:/Users/park/code/purefabric/organizations/fabric-ca-server/msp/keystore/IssuerRevocationPrivateKey RHPoolSize:1000 NonceExpiration:15s NonceSweepInterval:15m}}
2022/10/05 18:21:17 [DEBUG] DB: Getting identity peer0
2022/10/05 18:21:17 [DEBUG] DB: Login user peer0 with max enrollments of -1 and state of 1
2022/10/05 18:21:17 [DEBUG] DB: identity peer0 successfully logged in
2022/10/05 18:21:17 [DEBUG] DB: Getting identity peer0
2022/10/05 18:21:17 [DEBUG] Requested expiry '0001-01-01 00:00:00 +0000 UTC' is before the CA certificate expiry '2022-10-05 09:16:00 +0000 UTC'. Will use CA cert expiry
2022/10/05 18:21:17 [DEBUG] Processing sign request: id=peer0, CommonName=peer0, Subject=<nil>
2022/10/05 18:21:17 [DEBUG] Request is not for a CA signing certificate
2022/10/05 18:21:17 [DEBUG] Checking CSR fields to make sure that they do not exceed maximum character limits
2022/10/05 18:21:17 [DEBUG] Finished processing sign request
2022/10/05 18:21:17 [DEBUG] DB: Getting identity peer0
2022/10/05 18:21:17 [DEBUG] Attribute extension being added to certificate is: &{ID:[1 2 3 4 5 6 7 8 1] Critical:false Value:7b226174747273223a7b2268662e416666696c696174696f6e223a22222c2268662e456e726f6c6c6d656e744944223a227065657230222c2268662e54797065223a2270656572227d7d}
2022/10/05 18:21:17 [DEBUG] Adding attribute extension to CSR: &{ID:[1 2 3 4 5 6 7 8 1] Critical:false Value:7b226174747273223a7b2268662e416666696c696174696f6e223a22222c2268662e456e726f6c6c6d656e744944223a227065657230222c2268662e54797065223a2270656572227d7d}
2022/10/05 18:21:17 [INFO] signed certificate with serial number 118717595348160782097528203820090706897731685137
2022/10/05 18:21:17 [DEBUG] DB: Insert Certificate
2022/10/05 18:21:17 [DEBUG] Saved serial number as hex 14cb7b28affaf76bba5e25333514c70c8f298b11
2022/10/05 18:21:17 [DEBUG] saved certificate with serial number 118717595348160782097528203820090706897731685137
2022/10/05 18:21:17 [DEBUG] Successfully incremented state for identity peer0 to 2
2022/10/05 18:21:17 [INFO] [::1]:53953 POST /enroll 201 0 "OK"
2022/10/05 18:21:17 [DEBUG] Received request for /enroll
2022/10/05 18:21:17 [DEBUG] ca.Config: &{Version:1.5.5 Cfg:{Identities:{PasswordAttempts:10 AllowRemove:false} Affiliations:{AllowRemove:false}} CA:{Name:ca Keyfile:/Users/park/code/purefabric/organizations/fabric-ca-server/ca-key.pem Certfile:/Users/park/code/purefabric/organizations/fabric-ca-server/ca-cert.pem Chainfile:/Users/park/code/purefabric/organizations/fabric-ca-server/ca-chain.pem ReenrollIgnoreCertExpiry:false} Signing:0x140002dcf10 CSR:{CN:fabric-ca-server Names:[{C:US ST:North Carolina L: O:Hyperledger OU:Fabric SerialNumber:}] Hosts:[Parkui-MacBookPro.local localhost] KeyRequest:0x140001c0900 CA:0x14000677ad0 SerialNumber:} Registry:{MaxEnrollments:-1 Identities:[{ Name:**** Pass:**** Type:client Affiliation: MaxEnrollments:0 Attrs:map[hf.AffiliationMgr:1 hf.GenCRL:1 hf.IntermediateCA:1 hf.Registrar.Attributes:* hf.Registrar.DelegateRoles:* hf.Registrar.Roles:* hf.Revoker:1]  }]} Affiliations:map[org1:[department1 department2] org2:[department1]] LDAP:{ Enabled:false URL:ldap://****:****@<host>:<port>/<base> UserFilter:(uid=%s) GroupFilter:(memberUid=%s) Attribute:{[uid member] [{ }] map[groups:[{ }]]} TLS:{false [] { }}  } DB:{ Type:sqlite3 Datasource:/Users/park/code/purefabric/organizations/fabric-ca-server/fabric-ca-server.db TLS:{false [] { }}  } CSP:0x14000677ce0 Client:<nil> Intermediate:{ParentServer:{ URL: CAName:  } TLS:{Enabled:false CertFiles:[] Client:{KeyFile: CertFile:}} Enrollment:{ Name: Secret:**** CAName: AttrReqs:[] Profile: Label: CSR:<nil> Type:x509  }} CRL:{Expiry:24h0m0s} Idemix:{Curve:amcl.Fp256bn IssuerPublicKeyfile:/Users/park/code/purefabric/organizations/fabric-ca-server/IssuerPublicKey IssuerSecretKeyfile:/Users/park/code/purefabric/organizations/fabric-ca-server/msp/keystore/IssuerSecretKey RevocationPublicKeyfile:/Users/park/code/purefabric/organizations/fabric-ca-server/IssuerRevocationPublicKey RevocationPrivateKeyfile:/Users/park/code/purefabric/organizations/fabric-ca-server/msp/keystore/IssuerRevocationPrivateKey RHPoolSize:1000 NonceExpiration:15s NonceSweepInterval:15m}}
2022/10/05 18:21:17 [DEBUG] DB: Getting identity user1
2022/10/05 18:21:17 [DEBUG] DB: Login user user1 with max enrollments of -1 and state of 0
2022/10/05 18:21:17 [DEBUG] DB: identity user1 successfully logged in
2022/10/05 18:21:17 [DEBUG] DB: Getting identity user1
2022/10/05 18:21:17 [DEBUG] Requested expiry '0001-01-01 00:00:00 +0000 UTC' is before the CA certificate expiry '2022-10-05 09:16:00 +0000 UTC'. Will use CA cert expiry
2022/10/05 18:21:17 [DEBUG] Processing sign request: id=user1, CommonName=user1, Subject=<nil>
2022/10/05 18:21:17 [DEBUG] Request is not for a CA signing certificate
2022/10/05 18:21:17 [DEBUG] Checking CSR fields to make sure that they do not exceed maximum character limits
2022/10/05 18:21:17 [DEBUG] Finished processing sign request
2022/10/05 18:21:17 [DEBUG] DB: Getting identity user1
2022/10/05 18:21:17 [DEBUG] Attribute extension being added to certificate is: &{ID:[1 2 3 4 5 6 7 8 1] Critical:false Value:7b226174747273223a7b2268662e416666696c696174696f6e223a22222c2268662e456e726f6c6c6d656e744944223a227573657231222c2268662e54797065223a22636c69656e74227d7d}
2022/10/05 18:21:17 [DEBUG] Adding attribute extension to CSR: &{ID:[1 2 3 4 5 6 7 8 1] Critical:false Value:7b226174747273223a7b2268662e416666696c696174696f6e223a22222c2268662e456e726f6c6c6d656e744944223a227573657231222c2268662e54797065223a22636c69656e74227d7d}
2022/10/05 18:21:17 [INFO] signed certificate with serial number 342990358007696646847660638572908227637829909721
2022/10/05 18:21:17 [DEBUG] DB: Insert Certificate
2022/10/05 18:21:17 [DEBUG] Saved serial number as hex 3c1438368fb821c0f4f853e77bbc3fa8823b3cd9
2022/10/05 18:21:17 [DEBUG] saved certificate with serial number 342990358007696646847660638572908227637829909721
2022/10/05 18:21:17 [DEBUG] Successfully incremented state for identity user1 to 1
2022/10/05 18:21:17 [INFO] [::1]:53956 POST /enroll 201 0 "OK"
2022/10/05 18:21:17 [DEBUG] Received request for /enroll
2022/10/05 18:21:17 [DEBUG] ca.Config: &{Version:1.5.5 Cfg:{Identities:{PasswordAttempts:10 AllowRemove:false} Affiliations:{AllowRemove:false}} CA:{Name:ca Keyfile:/Users/park/code/purefabric/organizations/fabric-ca-server/ca-key.pem Certfile:/Users/park/code/purefabric/organizations/fabric-ca-server/ca-cert.pem Chainfile:/Users/park/code/purefabric/organizations/fabric-ca-server/ca-chain.pem ReenrollIgnoreCertExpiry:false} Signing:0x140002dcf10 CSR:{CN:fabric-ca-server Names:[{C:US ST:North Carolina L: O:Hyperledger OU:Fabric SerialNumber:}] Hosts:[Parkui-MacBookPro.local localhost] KeyRequest:0x140001c0900 CA:0x14000677ad0 SerialNumber:} Registry:{MaxEnrollments:-1 Identities:[{ Name:**** Pass:**** Type:client Affiliation: MaxEnrollments:0 Attrs:map[hf.AffiliationMgr:1 hf.GenCRL:1 hf.IntermediateCA:1 hf.Registrar.Attributes:* hf.Registrar.DelegateRoles:* hf.Registrar.Roles:* hf.Revoker:1]  }]} Affiliations:map[org1:[department1 department2] org2:[department1]] LDAP:{ Enabled:false URL:ldap://****:****@<host>:<port>/<base> UserFilter:(uid=%s) GroupFilter:(memberUid=%s) Attribute:{[uid member] [{ }] map[groups:[{ }]]} TLS:{false [] { }}  } DB:{ Type:sqlite3 Datasource:/Users/park/code/purefabric/organizations/fabric-ca-server/fabric-ca-server.db TLS:{false [] { }}  } CSP:0x14000677ce0 Client:<nil> Intermediate:{ParentServer:{ URL: CAName:  } TLS:{Enabled:false CertFiles:[] Client:{KeyFile: CertFile:}} Enrollment:{ Name: Secret:**** CAName: AttrReqs:[] Profile: Label: CSR:<nil> Type:x509  }} CRL:{Expiry:24h0m0s} Idemix:{Curve:amcl.Fp256bn IssuerPublicKeyfile:/Users/park/code/purefabric/organizations/fabric-ca-server/IssuerPublicKey IssuerSecretKeyfile:/Users/park/code/purefabric/organizations/fabric-ca-server/msp/keystore/IssuerSecretKey RevocationPublicKeyfile:/Users/park/code/purefabric/organizations/fabric-ca-server/IssuerRevocationPublicKey RevocationPrivateKeyfile:/Users/park/code/purefabric/organizations/fabric-ca-server/msp/keystore/IssuerRevocationPrivateKey RHPoolSize:1000 NonceExpiration:15s NonceSweepInterval:15m}}
2022/10/05 18:21:17 [DEBUG] DB: Getting identity user2
2022/10/05 18:21:17 [DEBUG] DB: Login user user2 with max enrollments of -1 and state of 0
2022/10/05 18:21:17 [DEBUG] DB: identity user2 successfully logged in
2022/10/05 18:21:17 [DEBUG] DB: Getting identity user2
2022/10/05 18:21:17 [DEBUG] Requested expiry '0001-01-01 00:00:00 +0000 UTC' is before the CA certificate expiry '2022-10-05 09:16:00 +0000 UTC'. Will use CA cert expiry
2022/10/05 18:21:17 [DEBUG] Processing sign request: id=user2, CommonName=user2, Subject=<nil>
2022/10/05 18:21:17 [DEBUG] Request is not for a CA signing certificate
2022/10/05 18:21:17 [DEBUG] Checking CSR fields to make sure that they do not exceed maximum character limits
2022/10/05 18:21:17 [DEBUG] Finished processing sign request
2022/10/05 18:21:17 [DEBUG] DB: Getting identity user2
2022/10/05 18:21:17 [DEBUG] Attribute extension being added to certificate is: &{ID:[1 2 3 4 5 6 7 8 1] Critical:false Value:7b226174747273223a7b2268662e416666696c696174696f6e223a22222c2268662e456e726f6c6c6d656e744944223a227573657232222c2268662e54797065223a22636c69656e74227d7d}
2022/10/05 18:21:17 [DEBUG] Adding attribute extension to CSR: &{ID:[1 2 3 4 5 6 7 8 1] Critical:false Value:7b226174747273223a7b2268662e416666696c696174696f6e223a22222c2268662e456e726f6c6c6d656e744944223a227573657232222c2268662e54797065223a22636c69656e74227d7d}
2022/10/05 18:21:17 [INFO] signed certificate with serial number 625687340049060626731316909910732277596245027071
2022/10/05 18:21:17 [DEBUG] DB: Insert Certificate
2022/10/05 18:21:17 [DEBUG] Saved serial number as hex 6d98ca6a05907c70cf6ab64788471d4248c168ff
2022/10/05 18:21:17 [DEBUG] saved certificate with serial number 625687340049060626731316909910732277596245027071
2022/10/05 18:21:17 [DEBUG] Successfully incremented state for identity user2 to 1
2022/10/05 18:21:17 [INFO] [::1]:53959 POST /enroll 201 0 "OK"
2022/10/05 18:21:17 [DEBUG] Received request for /enroll
2022/10/05 18:21:17 [DEBUG] ca.Config: &{Version:1.5.5 Cfg:{Identities:{PasswordAttempts:10 AllowRemove:false} Affiliations:{AllowRemove:false}} CA:{Name:ca Keyfile:/Users/park/code/purefabric/organizations/fabric-ca-server/ca-key.pem Certfile:/Users/park/code/purefabric/organizations/fabric-ca-server/ca-cert.pem Chainfile:/Users/park/code/purefabric/organizations/fabric-ca-server/ca-chain.pem ReenrollIgnoreCertExpiry:false} Signing:0x140002dcf10 CSR:{CN:fabric-ca-server Names:[{C:US ST:North Carolina L: O:Hyperledger OU:Fabric SerialNumber:}] Hosts:[Parkui-MacBookPro.local localhost] KeyRequest:0x140001c0900 CA:0x14000677ad0 SerialNumber:} Registry:{MaxEnrollments:-1 Identities:[{ Name:**** Pass:**** Type:client Affiliation: MaxEnrollments:0 Attrs:map[hf.AffiliationMgr:1 hf.GenCRL:1 hf.IntermediateCA:1 hf.Registrar.Attributes:* hf.Registrar.DelegateRoles:* hf.Registrar.Roles:* hf.Revoker:1]  }]} Affiliations:map[org1:[department1 department2] org2:[department1]] LDAP:{ Enabled:false URL:ldap://****:****@<host>:<port>/<base> UserFilter:(uid=%s) GroupFilter:(memberUid=%s) Attribute:{[uid member] [{ }] map[groups:[{ }]]} TLS:{false [] { }}  } DB:{ Type:sqlite3 Datasource:/Users/park/code/purefabric/organizations/fabric-ca-server/fabric-ca-server.db TLS:{false [] { }}  } CSP:0x14000677ce0 Client:<nil> Intermediate:{ParentServer:{ URL: CAName:  } TLS:{Enabled:false CertFiles:[] Client:{KeyFile: CertFile:}} Enrollment:{ Name: Secret:**** CAName: AttrReqs:[] Profile: Label: CSR:<nil> Type:x509  }} CRL:{Expiry:24h0m0s} Idemix:{Curve:amcl.Fp256bn IssuerPublicKeyfile:/Users/park/code/purefabric/organizations/fabric-ca-server/IssuerPublicKey IssuerSecretKeyfile:/Users/park/code/purefabric/organizations/fabric-ca-server/msp/keystore/IssuerSecretKey RevocationPublicKeyfile:/Users/park/code/purefabric/organizations/fabric-ca-server/IssuerRevocationPublicKey RevocationPrivateKeyfile:/Users/park/code/purefabric/organizations/fabric-ca-server/msp/keystore/IssuerRevocationPrivateKey RHPoolSize:1000 NonceExpiration:15s NonceSweepInterval:15m}}
2022/10/05 18:21:17 [DEBUG] DB: Getting identity user3
2022/10/05 18:21:17 [DEBUG] DB: Login user user3 with max enrollments of -1 and state of 0
2022/10/05 18:21:18 [DEBUG] DB: identity user3 successfully logged in
2022/10/05 18:21:18 [DEBUG] DB: Getting identity user3
2022/10/05 18:21:18 [DEBUG] Requested expiry '0001-01-01 00:00:00 +0000 UTC' is before the CA certificate expiry '2022-10-05 09:16:00 +0000 UTC'. Will use CA cert expiry
2022/10/05 18:21:18 [DEBUG] Processing sign request: id=user3, CommonName=user3, Subject=<nil>
2022/10/05 18:21:18 [DEBUG] Request is not for a CA signing certificate
2022/10/05 18:21:18 [DEBUG] Checking CSR fields to make sure that they do not exceed maximum character limits
2022/10/05 18:21:18 [DEBUG] Finished processing sign request
2022/10/05 18:21:18 [DEBUG] DB: Getting identity user3
2022/10/05 18:21:18 [DEBUG] Attribute extension being added to certificate is: &{ID:[1 2 3 4 5 6 7 8 1] Critical:false Value:7b226174747273223a7b2268662e416666696c696174696f6e223a22222c2268662e456e726f6c6c6d656e744944223a227573657233222c2268662e54797065223a22636c69656e74227d7d}
2022/10/05 18:21:18 [DEBUG] Adding attribute extension to CSR: &{ID:[1 2 3 4 5 6 7 8 1] Critical:false Value:7b226174747273223a7b2268662e416666696c696174696f6e223a22222c2268662e456e726f6c6c6d656e744944223a227573657233222c2268662e54797065223a22636c69656e74227d7d}
2022/10/05 18:21:18 [INFO] signed certificate with serial number 456085628974262857034993637638109443621748212140
2022/10/05 18:21:18 [DEBUG] DB: Insert Certificate
2022/10/05 18:21:18 [DEBUG] Saved serial number as hex 4fe39640e04df4763f4f1e21e3e42f9b959401ac
2022/10/05 18:21:18 [DEBUG] saved certificate with serial number 456085628974262857034993637638109443621748212140
2022/10/05 18:21:18 [DEBUG] Successfully incremented state for identity user3 to 1
2022/10/05 18:21:18 [INFO] [::1]:53962 POST /enroll 201 0 "OK"
2022/10/05 18:21:18 [DEBUG] Received request for /enroll
2022/10/05 18:21:18 [DEBUG] ca.Config: &{Version:1.5.5 Cfg:{Identities:{PasswordAttempts:10 AllowRemove:false} Affiliations:{AllowRemove:false}} CA:{Name:ca Keyfile:/Users/park/code/purefabric/organizations/fabric-ca-server/ca-key.pem Certfile:/Users/park/code/purefabric/organizations/fabric-ca-server/ca-cert.pem Chainfile:/Users/park/code/purefabric/organizations/fabric-ca-server/ca-chain.pem ReenrollIgnoreCertExpiry:false} Signing:0x140002dcf10 CSR:{CN:fabric-ca-server Names:[{C:US ST:North Carolina L: O:Hyperledger OU:Fabric SerialNumber:}] Hosts:[Parkui-MacBookPro.local localhost] KeyRequest:0x140001c0900 CA:0x14000677ad0 SerialNumber:} Registry:{MaxEnrollments:-1 Identities:[{ Name:**** Pass:**** Type:client Affiliation: MaxEnrollments:0 Attrs:map[hf.AffiliationMgr:1 hf.GenCRL:1 hf.IntermediateCA:1 hf.Registrar.Attributes:* hf.Registrar.DelegateRoles:* hf.Registrar.Roles:* hf.Revoker:1]  }]} Affiliations:map[org1:[department1 department2] org2:[department1]] LDAP:{ Enabled:false URL:ldap://****:****@<host>:<port>/<base> UserFilter:(uid=%s) GroupFilter:(memberUid=%s) Attribute:{[uid member] [{ }] map[groups:[{ }]]} TLS:{false [] { }}  } DB:{ Type:sqlite3 Datasource:/Users/park/code/purefabric/organizations/fabric-ca-server/fabric-ca-server.db TLS:{false [] { }}  } CSP:0x14000677ce0 Client:<nil> Intermediate:{ParentServer:{ URL: CAName:  } TLS:{Enabled:false CertFiles:[] Client:{KeyFile: CertFile:}} Enrollment:{ Name: Secret:**** CAName: AttrReqs:[] Profile: Label: CSR:<nil> Type:x509  }} CRL:{Expiry:24h0m0s} Idemix:{Curve:amcl.Fp256bn IssuerPublicKeyfile:/Users/park/code/purefabric/organizations/fabric-ca-server/IssuerPublicKey IssuerSecretKeyfile:/Users/park/code/purefabric/organizations/fabric-ca-server/msp/keystore/IssuerSecretKey RevocationPublicKeyfile:/Users/park/code/purefabric/organizations/fabric-ca-server/IssuerRevocationPublicKey RevocationPrivateKeyfile:/Users/park/code/purefabric/organizations/fabric-ca-server/msp/keystore/IssuerRevocationPrivateKey RHPoolSize:1000 NonceExpiration:15s NonceSweepInterval:15m}}
2022/10/05 18:21:18 [DEBUG] DB: Getting identity org1admin
2022/10/05 18:21:18 [DEBUG] DB: Login user org1admin with max enrollments of -1 and state of 0
2022/10/05 18:21:18 [DEBUG] DB: identity org1admin successfully logged in
2022/10/05 18:21:18 [DEBUG] DB: Getting identity org1admin
2022/10/05 18:21:18 [DEBUG] Requested expiry '0001-01-01 00:00:00 +0000 UTC' is before the CA certificate expiry '2022-10-05 09:16:00 +0000 UTC'. Will use CA cert expiry
2022/10/05 18:21:18 [DEBUG] Processing sign request: id=org1admin, CommonName=org1admin, Subject=<nil>
2022/10/05 18:21:18 [DEBUG] Request is not for a CA signing certificate
2022/10/05 18:21:18 [DEBUG] Checking CSR fields to make sure that they do not exceed maximum character limits
2022/10/05 18:21:18 [DEBUG] Finished processing sign request
2022/10/05 18:21:18 [DEBUG] DB: Getting identity org1admin
2022/10/05 18:21:18 [DEBUG] Attribute extension being added to certificate is: &{ID:[1 2 3 4 5 6 7 8 1] Critical:false Value:7b226174747273223a7b2268662e416666696c696174696f6e223a22222c2268662e456e726f6c6c6d656e744944223a226f72673161646d696e222c2268662e54797065223a2261646d696e227d7d}
2022/10/05 18:21:18 [DEBUG] Adding attribute extension to CSR: &{ID:[1 2 3 4 5 6 7 8 1] Critical:false Value:7b226174747273223a7b2268662e416666696c696174696f6e223a22222c2268662e456e726f6c6c6d656e744944223a226f72673161646d696e222c2268662e54797065223a2261646d696e227d7d}
2022/10/05 18:21:18 [INFO] signed certificate with serial number 33101637391137466766465935245926492728826324542
2022/10/05 18:21:18 [DEBUG] DB: Insert Certificate
2022/10/05 18:21:18 [DEBUG] Saved serial number as hex 5cc542963fffb9a79a8307c696e986bd2c0e63e
2022/10/05 18:21:18 [DEBUG] saved certificate with serial number 33101637391137466766465935245926492728826324542
2022/10/05 18:21:18 [DEBUG] Successfully incremented state for identity org1admin to 1
2022/10/05 18:21:18 [INFO] [::1]:53965 POST /enroll 201 0 "OK"
2022/10/05 18:21:19 [DEBUG] Received request for /enroll
2022/10/05 18:21:19 [DEBUG] ca.Config: &{Version:1.5.5 Cfg:{Identities:{PasswordAttempts:10 AllowRemove:false} Affiliations:{AllowRemove:false}} CA:{Name:ca Keyfile:/Users/park/code/purefabric/organizations/fabric-ca-server/ca-key.pem Certfile:/Users/park/code/purefabric/organizations/fabric-ca-server/ca-cert.pem Chainfile:/Users/park/code/purefabric/organizations/fabric-ca-server/ca-chain.pem ReenrollIgnoreCertExpiry:false} Signing:0x140002dcf10 CSR:{CN:fabric-ca-server Names:[{C:US ST:North Carolina L: O:Hyperledger OU:Fabric SerialNumber:}] Hosts:[Parkui-MacBookPro.local localhost] KeyRequest:0x140001c0900 CA:0x14000677ad0 SerialNumber:} Registry:{MaxEnrollments:-1 Identities:[{ Name:**** Pass:**** Type:client Affiliation: MaxEnrollments:0 Attrs:map[hf.AffiliationMgr:1 hf.GenCRL:1 hf.IntermediateCA:1 hf.Registrar.Attributes:* hf.Registrar.DelegateRoles:* hf.Registrar.Roles:* hf.Revoker:1]  }]} Affiliations:map[org1:[department1 department2] org2:[department1]] LDAP:{ Enabled:false URL:ldap://****:****@<host>:<port>/<base> UserFilter:(uid=%s) GroupFilter:(memberUid=%s) Attribute:{[uid member] [{ }] map[groups:[{ }]]} TLS:{false [] { }}  } DB:{ Type:sqlite3 Datasource:/Users/park/code/purefabric/organizations/fabric-ca-server/fabric-ca-server.db TLS:{false [] { }}  } CSP:0x14000677ce0 Client:<nil> Intermediate:{ParentServer:{ URL: CAName:  } TLS:{Enabled:false CertFiles:[] Client:{KeyFile: CertFile:}} Enrollment:{ Name: Secret:**** CAName: AttrReqs:[] Profile: Label: CSR:<nil> Type:x509  }} CRL:{Expiry:24h0m0s} Idemix:{Curve:amcl.Fp256bn IssuerPublicKeyfile:/Users/park/code/purefabric/organizations/fabric-ca-server/IssuerPublicKey IssuerSecretKeyfile:/Users/park/code/purefabric/organizations/fabric-ca-server/msp/keystore/IssuerSecretKey RevocationPublicKeyfile:/Users/park/code/purefabric/organizations/fabric-ca-server/IssuerRevocationPublicKey RevocationPrivateKeyfile:/Users/park/code/purefabric/organizations/fabric-ca-server/msp/keystore/IssuerRevocationPrivateKey RHPoolSize:1000 NonceExpiration:15s NonceSweepInterval:15m}}
2022/10/05 18:21:19 [DEBUG] DB: Getting identity admin
2022/10/05 18:21:19 [DEBUG] DB: Login user admin with max enrollments of -1 and state of 1
2022/10/05 18:21:19 [DEBUG] DB: identity admin successfully logged in
2022/10/05 18:21:19 [DEBUG] DB: Getting identity admin
2022/10/05 18:21:19 [DEBUG] Requested expiry '0001-01-01 00:00:00 +0000 UTC' is before the CA certificate expiry '2022-10-05 09:16:00 +0000 UTC'. Will use CA cert expiry
2022/10/05 18:21:19 [DEBUG] Processing sign request: id=admin, CommonName=admin, Subject=<nil>
2022/10/05 18:21:19 [DEBUG] Request is not for a CA signing certificate
2022/10/05 18:21:19 [DEBUG] Checking CSR fields to make sure that they do not exceed maximum character limits
2022/10/05 18:21:19 [DEBUG] Finished processing sign request
2022/10/05 18:21:19 [DEBUG] DB: Getting identity admin
2022/10/05 18:21:19 [INFO] signed certificate with serial number 275883055867355785209723708686515846643817023835
2022/10/05 18:21:19 [DEBUG] DB: Insert Certificate
2022/10/05 18:21:19 [DEBUG] Saved serial number as hex 3053062a262fb88eff16856092aba823b6c2895b
2022/10/05 18:21:19 [DEBUG] saved certificate with serial number 275883055867355785209723708686515846643817023835
2022/10/05 18:21:19 [DEBUG] Successfully incremented state for identity admin to 2
2022/10/05 18:21:19 [INFO] [::1]:53968 POST /enroll 201 0 "OK"
2022/10/05 18:21:19 [DEBUG] Received request for /register
2022/10/05 18:21:19 [DEBUG] Caller is using a x509 certificate
2022/10/05 18:21:19 [DEBUG] Certicate Dates: NotAfter = 2023-10-05 09:21:00 +0000 UTC NotBefore = 2022-10-05 09:16:00 +0000 UTC 
2022/10/05 18:21:19 [DEBUG] Checking for revocation/expiration of certificate owned by 'admin'
2022/10/05 18:21:19 [DEBUG] DB: Get certificate by serial (3053062a262fb88eff16856092aba823b6c2895b) and aki (5c35bb5a30a1e7282426a033a26b041c6bd969ea)
2022/10/05 18:21:19 [DEBUG] DB: Getting identity admin
2022/10/05 18:21:19 [DEBUG] Successful token authentication of 'admin'
2022/10/05 18:21:19 [DEBUG] Received registration request from admin: { Name:orderer Type:orderer Secret:**** MaxEnrollments:0 Affiliation: Attributes:[] CAName:ca  }
2022/10/05 18:21:19 [DEBUG] No affiliation provided in registration request, will default to using registrar's affiliation of ''
2022/10/05 18:21:19 [DEBUG] canRegister - Check to see if user 'admin' can register
2022/10/05 18:21:19 [DEBUG] Checking to see if caller 'admin' can act on type 'orderer'
2022/10/05 18:21:19 [DEBUG] Checking to see if caller 'admin' is a registrar
2022/10/05 18:21:19 [DEBUG] Validating affiliation: 
2022/10/05 18:21:19 [DEBUG] Checking to see if affiliation '' contains caller's affiliation ''
2022/10/05 18:21:19 [DEBUG] Caller has root affiliation
2022/10/05 18:21:19 [DEBUG] Registering user id: orderer
2022/10/05 18:21:19 [DEBUG] Max enrollment value verification - User specified max enrollment: 0, CA max enrollment: -1
2022/10/05 18:21:19 [DEBUG] DB: Getting identity orderer
2022/10/05 18:21:19 [DEBUG] DB: Add identity orderer
2022/10/05 18:21:19 [DEBUG] Successfully added identity orderer to the database
2022/10/05 18:21:19 [INFO] [::1]:53971 POST /register 201 0 "OK"
2022/10/05 18:21:19 [DEBUG] Received request for /register
2022/10/05 18:21:19 [DEBUG] Caller is using a x509 certificate
2022/10/05 18:21:19 [DEBUG] Certicate Dates: NotAfter = 2023-10-05 09:21:00 +0000 UTC NotBefore = 2022-10-05 09:16:00 +0000 UTC 
2022/10/05 18:21:19 [DEBUG] Checking for revocation/expiration of certificate owned by 'admin'
2022/10/05 18:21:19 [DEBUG] DB: Get certificate by serial (3053062a262fb88eff16856092aba823b6c2895b) and aki (5c35bb5a30a1e7282426a033a26b041c6bd969ea)
2022/10/05 18:21:19 [DEBUG] DB: Getting identity admin
2022/10/05 18:21:19 [DEBUG] Successful token authentication of 'admin'
2022/10/05 18:21:19 [DEBUG] Received registration request from admin: { Name:ordererAdmin Type:admin Secret:**** MaxEnrollments:0 Affiliation: Attributes:[] CAName:ca  }
2022/10/05 18:21:19 [DEBUG] No affiliation provided in registration request, will default to using registrar's affiliation of ''
2022/10/05 18:21:19 [DEBUG] canRegister - Check to see if user 'admin' can register
2022/10/05 18:21:19 [DEBUG] Checking to see if caller 'admin' can act on type 'admin'
2022/10/05 18:21:19 [DEBUG] Checking to see if caller 'admin' is a registrar
2022/10/05 18:21:19 [DEBUG] Validating affiliation: 
2022/10/05 18:21:19 [DEBUG] Checking to see if affiliation '' contains caller's affiliation ''
2022/10/05 18:21:19 [DEBUG] Caller has root affiliation
2022/10/05 18:21:19 [DEBUG] Registering user id: ordererAdmin
2022/10/05 18:21:19 [DEBUG] Max enrollment value verification - User specified max enrollment: 0, CA max enrollment: -1
2022/10/05 18:21:19 [DEBUG] DB: Getting identity ordererAdmin
2022/10/05 18:21:19 [DEBUG] DB: Add identity ordererAdmin
2022/10/05 18:21:19 [DEBUG] Successfully added identity ordererAdmin to the database
2022/10/05 18:21:19 [INFO] [::1]:53974 POST /register 201 0 "OK"
2022/10/05 18:21:19 [DEBUG] Received request for /enroll
2022/10/05 18:21:19 [DEBUG] ca.Config: &{Version:1.5.5 Cfg:{Identities:{PasswordAttempts:10 AllowRemove:false} Affiliations:{AllowRemove:false}} CA:{Name:ca Keyfile:/Users/park/code/purefabric/organizations/fabric-ca-server/ca-key.pem Certfile:/Users/park/code/purefabric/organizations/fabric-ca-server/ca-cert.pem Chainfile:/Users/park/code/purefabric/organizations/fabric-ca-server/ca-chain.pem ReenrollIgnoreCertExpiry:false} Signing:0x140002dcf10 CSR:{CN:fabric-ca-server Names:[{C:US ST:North Carolina L: O:Hyperledger OU:Fabric SerialNumber:}] Hosts:[Parkui-MacBookPro.local localhost] KeyRequest:0x140001c0900 CA:0x14000677ad0 SerialNumber:} Registry:{MaxEnrollments:-1 Identities:[{ Name:**** Pass:**** Type:client Affiliation: MaxEnrollments:0 Attrs:map[hf.AffiliationMgr:1 hf.GenCRL:1 hf.IntermediateCA:1 hf.Registrar.Attributes:* hf.Registrar.DelegateRoles:* hf.Registrar.Roles:* hf.Revoker:1]  }]} Affiliations:map[org1:[department1 department2] org2:[department1]] LDAP:{ Enabled:false URL:ldap://****:****@<host>:<port>/<base> UserFilter:(uid=%s) GroupFilter:(memberUid=%s) Attribute:{[uid member] [{ }] map[groups:[{ }]]} TLS:{false [] { }}  } DB:{ Type:sqlite3 Datasource:/Users/park/code/purefabric/organizations/fabric-ca-server/fabric-ca-server.db TLS:{false [] { }}  } CSP:0x14000677ce0 Client:<nil> Intermediate:{ParentServer:{ URL: CAName:  } TLS:{Enabled:false CertFiles:[] Client:{KeyFile: CertFile:}} Enrollment:{ Name: Secret:**** CAName: AttrReqs:[] Profile: Label: CSR:<nil> Type:x509  }} CRL:{Expiry:24h0m0s} Idemix:{Curve:amcl.Fp256bn IssuerPublicKeyfile:/Users/park/code/purefabric/organizations/fabric-ca-server/IssuerPublicKey IssuerSecretKeyfile:/Users/park/code/purefabric/organizations/fabric-ca-server/msp/keystore/IssuerSecretKey RevocationPublicKeyfile:/Users/park/code/purefabric/organizations/fabric-ca-server/IssuerRevocationPublicKey RevocationPrivateKeyfile:/Users/park/code/purefabric/organizations/fabric-ca-server/msp/keystore/IssuerRevocationPrivateKey RHPoolSize:1000 NonceExpiration:15s NonceSweepInterval:15m}}
2022/10/05 18:21:19 [DEBUG] DB: Getting identity orderer
2022/10/05 18:21:19 [DEBUG] DB: Login user orderer with max enrollments of -1 and state of 0
2022/10/05 18:21:19 [DEBUG] DB: identity orderer successfully logged in
2022/10/05 18:21:19 [DEBUG] DB: Getting identity orderer
2022/10/05 18:21:19 [DEBUG] Requested expiry '0001-01-01 00:00:00 +0000 UTC' is before the CA certificate expiry '2022-10-05 09:16:00 +0000 UTC'. Will use CA cert expiry
2022/10/05 18:21:19 [DEBUG] Processing sign request: id=orderer, CommonName=orderer, Subject=<nil>
2022/10/05 18:21:19 [DEBUG] Request is not for a CA signing certificate
2022/10/05 18:21:19 [DEBUG] Checking CSR fields to make sure that they do not exceed maximum character limits
2022/10/05 18:21:19 [DEBUG] Finished processing sign request
2022/10/05 18:21:19 [DEBUG] DB: Getting identity orderer
2022/10/05 18:21:19 [DEBUG] Attribute extension being added to certificate is: &{ID:[1 2 3 4 5 6 7 8 1] Critical:false Value:7b226174747273223a7b2268662e416666696c696174696f6e223a22222c2268662e456e726f6c6c6d656e744944223a226f726465726572222c2268662e54797065223a226f726465726572227d7d}
2022/10/05 18:21:19 [DEBUG] Adding attribute extension to CSR: &{ID:[1 2 3 4 5 6 7 8 1] Critical:false Value:7b226174747273223a7b2268662e416666696c696174696f6e223a22222c2268662e456e726f6c6c6d656e744944223a226f726465726572222c2268662e54797065223a226f726465726572227d7d}
2022/10/05 18:21:19 [INFO] signed certificate with serial number 152218145766851753822860338898879532325983955272
2022/10/05 18:21:19 [DEBUG] DB: Insert Certificate
2022/10/05 18:21:19 [DEBUG] Saved serial number as hex 1aa9b29e1a9c188bbe0a2449e269c5ecbac72948
2022/10/05 18:21:19 [DEBUG] saved certificate with serial number 152218145766851753822860338898879532325983955272
2022/10/05 18:21:19 [DEBUG] Successfully incremented state for identity orderer to 1
2022/10/05 18:21:19 [INFO] [::1]:53977 POST /enroll 201 0 "OK"
2022/10/05 18:21:19 [DEBUG] Received request for /enroll
2022/10/05 18:21:19 [DEBUG] ca.Config: &{Version:1.5.5 Cfg:{Identities:{PasswordAttempts:10 AllowRemove:false} Affiliations:{AllowRemove:false}} CA:{Name:ca Keyfile:/Users/park/code/purefabric/organizations/fabric-ca-server/ca-key.pem Certfile:/Users/park/code/purefabric/organizations/fabric-ca-server/ca-cert.pem Chainfile:/Users/park/code/purefabric/organizations/fabric-ca-server/ca-chain.pem ReenrollIgnoreCertExpiry:false} Signing:0x140002dcf10 CSR:{CN:fabric-ca-server Names:[{C:US ST:North Carolina L: O:Hyperledger OU:Fabric SerialNumber:}] Hosts:[Parkui-MacBookPro.local localhost] KeyRequest:0x140001c0900 CA:0x14000677ad0 SerialNumber:} Registry:{MaxEnrollments:-1 Identities:[{ Name:**** Pass:**** Type:client Affiliation: MaxEnrollments:0 Attrs:map[hf.AffiliationMgr:1 hf.GenCRL:1 hf.IntermediateCA:1 hf.Registrar.Attributes:* hf.Registrar.DelegateRoles:* hf.Registrar.Roles:* hf.Revoker:1]  }]} Affiliations:map[org1:[department1 department2] org2:[department1]] LDAP:{ Enabled:false URL:ldap://****:****@<host>:<port>/<base> UserFilter:(uid=%s) GroupFilter:(memberUid=%s) Attribute:{[uid member] [{ }] map[groups:[{ }]]} TLS:{false [] { }}  } DB:{ Type:sqlite3 Datasource:/Users/park/code/purefabric/organizations/fabric-ca-server/fabric-ca-server.db TLS:{false [] { }}  } CSP:0x14000677ce0 Client:<nil> Intermediate:{ParentServer:{ URL: CAName:  } TLS:{Enabled:false CertFiles:[] Client:{KeyFile: CertFile:}} Enrollment:{ Name: Secret:**** CAName: AttrReqs:[] Profile: Label: CSR:<nil> Type:x509  }} CRL:{Expiry:24h0m0s} Idemix:{Curve:amcl.Fp256bn IssuerPublicKeyfile:/Users/park/code/purefabric/organizations/fabric-ca-server/IssuerPublicKey IssuerSecretKeyfile:/Users/park/code/purefabric/organizations/fabric-ca-server/msp/keystore/IssuerSecretKey RevocationPublicKeyfile:/Users/park/code/purefabric/organizations/fabric-ca-server/IssuerRevocationPublicKey RevocationPrivateKeyfile:/Users/park/code/purefabric/organizations/fabric-ca-server/msp/keystore/IssuerRevocationPrivateKey RHPoolSize:1000 NonceExpiration:15s NonceSweepInterval:15m}}
2022/10/05 18:21:19 [DEBUG] DB: Getting identity orderer
2022/10/05 18:21:19 [DEBUG] DB: Login user orderer with max enrollments of -1 and state of 1
2022/10/05 18:21:19 [DEBUG] DB: identity orderer successfully logged in
2022/10/05 18:21:19 [DEBUG] DB: Getting identity orderer
2022/10/05 18:21:19 [DEBUG] Requested expiry '0001-01-01 00:00:00 +0000 UTC' is before the CA certificate expiry '2022-10-05 09:16:00 +0000 UTC'. Will use CA cert expiry
2022/10/05 18:21:19 [DEBUG] Processing sign request: id=orderer, CommonName=orderer, Subject=<nil>
2022/10/05 18:21:19 [DEBUG] Request is not for a CA signing certificate
2022/10/05 18:21:19 [DEBUG] Checking CSR fields to make sure that they do not exceed maximum character limits
2022/10/05 18:21:19 [DEBUG] Finished processing sign request
2022/10/05 18:21:19 [DEBUG] DB: Getting identity orderer
2022/10/05 18:21:19 [DEBUG] Attribute extension being added to certificate is: &{ID:[1 2 3 4 5 6 7 8 1] Critical:false Value:7b226174747273223a7b2268662e416666696c696174696f6e223a22222c2268662e456e726f6c6c6d656e744944223a226f726465726572222c2268662e54797065223a226f726465726572227d7d}
2022/10/05 18:21:19 [DEBUG] Adding attribute extension to CSR: &{ID:[1 2 3 4 5 6 7 8 1] Critical:false Value:7b226174747273223a7b2268662e416666696c696174696f6e223a22222c2268662e456e726f6c6c6d656e744944223a226f726465726572222c2268662e54797065223a226f726465726572227d7d}
2022/10/05 18:21:19 [INFO] signed certificate with serial number 562116296128233899403838158761292094092855131018
2022/10/05 18:21:19 [DEBUG] DB: Insert Certificate
2022/10/05 18:21:19 [DEBUG] Saved serial number as hex 62762a9e827cd9f64e02b575cc083daaa2a2bb8a
2022/10/05 18:21:19 [DEBUG] saved certificate with serial number 562116296128233899403838158761292094092855131018
2022/10/05 18:21:19 [DEBUG] Successfully incremented state for identity orderer to 2
2022/10/05 18:21:19 [INFO] [::1]:53980 POST /enroll 201 0 "OK"
2022/10/05 18:21:19 [DEBUG] Received request for /enroll
2022/10/05 18:21:19 [DEBUG] ca.Config: &{Version:1.5.5 Cfg:{Identities:{PasswordAttempts:10 AllowRemove:false} Affiliations:{AllowRemove:false}} CA:{Name:ca Keyfile:/Users/park/code/purefabric/organizations/fabric-ca-server/ca-key.pem Certfile:/Users/park/code/purefabric/organizations/fabric-ca-server/ca-cert.pem Chainfile:/Users/park/code/purefabric/organizations/fabric-ca-server/ca-chain.pem ReenrollIgnoreCertExpiry:false} Signing:0x140002dcf10 CSR:{CN:fabric-ca-server Names:[{C:US ST:North Carolina L: O:Hyperledger OU:Fabric SerialNumber:}] Hosts:[Parkui-MacBookPro.local localhost] KeyRequest:0x140001c0900 CA:0x14000677ad0 SerialNumber:} Registry:{MaxEnrollments:-1 Identities:[{ Name:**** Pass:**** Type:client Affiliation: MaxEnrollments:0 Attrs:map[hf.AffiliationMgr:1 hf.GenCRL:1 hf.IntermediateCA:1 hf.Registrar.Attributes:* hf.Registrar.DelegateRoles:* hf.Registrar.Roles:* hf.Revoker:1]  }]} Affiliations:map[org1:[department1 department2] org2:[department1]] LDAP:{ Enabled:false URL:ldap://****:****@<host>:<port>/<base> UserFilter:(uid=%s) GroupFilter:(memberUid=%s) Attribute:{[uid member] [{ }] map[groups:[{ }]]} TLS:{false [] { }}  } DB:{ Type:sqlite3 Datasource:/Users/park/code/purefabric/organizations/fabric-ca-server/fabric-ca-server.db TLS:{false [] { }}  } CSP:0x14000677ce0 Client:<nil> Intermediate:{ParentServer:{ URL: CAName:  } TLS:{Enabled:false CertFiles:[] Client:{KeyFile: CertFile:}} Enrollment:{ Name: Secret:**** CAName: AttrReqs:[] Profile: Label: CSR:<nil> Type:x509  }} CRL:{Expiry:24h0m0s} Idemix:{Curve:amcl.Fp256bn IssuerPublicKeyfile:/Users/park/code/purefabric/organizations/fabric-ca-server/IssuerPublicKey IssuerSecretKeyfile:/Users/park/code/purefabric/organizations/fabric-ca-server/msp/keystore/IssuerSecretKey RevocationPublicKeyfile:/Users/park/code/purefabric/organizations/fabric-ca-server/IssuerRevocationPublicKey RevocationPrivateKeyfile:/Users/park/code/purefabric/organizations/fabric-ca-server/msp/keystore/IssuerRevocationPrivateKey RHPoolSize:1000 NonceExpiration:15s NonceSweepInterval:15m}}
2022/10/05 18:21:19 [DEBUG] DB: Getting identity ordererAdmin
2022/10/05 18:21:19 [DEBUG] DB: Login user ordererAdmin with max enrollments of -1 and state of 0
2022/10/05 18:21:19 [DEBUG] DB: identity ordererAdmin successfully logged in
2022/10/05 18:21:19 [DEBUG] DB: Getting identity ordererAdmin
2022/10/05 18:21:19 [DEBUG] Requested expiry '0001-01-01 00:00:00 +0000 UTC' is before the CA certificate expiry '2022-10-05 09:16:00 +0000 UTC'. Will use CA cert expiry
2022/10/05 18:21:19 [DEBUG] Processing sign request: id=ordererAdmin, CommonName=ordererAdmin, Subject=<nil>
2022/10/05 18:21:19 [DEBUG] Request is not for a CA signing certificate
2022/10/05 18:21:19 [DEBUG] Checking CSR fields to make sure that they do not exceed maximum character limits
2022/10/05 18:21:19 [DEBUG] Finished processing sign request
2022/10/05 18:21:19 [DEBUG] DB: Getting identity ordererAdmin
2022/10/05 18:21:19 [DEBUG] Attribute extension being added to certificate is: &{ID:[1 2 3 4 5 6 7 8 1] Critical:false Value:7b226174747273223a7b2268662e416666696c696174696f6e223a22222c2268662e456e726f6c6c6d656e744944223a226f72646572657241646d696e222c2268662e54797065223a2261646d696e227d7d}
2022/10/05 18:21:19 [DEBUG] Adding attribute extension to CSR: &{ID:[1 2 3 4 5 6 7 8 1] Critical:false Value:7b226174747273223a7b2268662e416666696c696174696f6e223a22222c2268662e456e726f6c6c6d656e744944223a226f72646572657241646d696e222c2268662e54797065223a2261646d696e227d7d}
2022/10/05 18:21:19 [INFO] signed certificate with serial number 409170048933938145905531930762478540327907159988
2022/10/05 18:21:19 [DEBUG] DB: Insert Certificate
2022/10/05 18:21:19 [DEBUG] Saved serial number as hex 47abd1ce9e6a34e3a75786be2d85eb4eeb82efb4
2022/10/05 18:21:19 [DEBUG] saved certificate with serial number 409170048933938145905531930762478540327907159988
2022/10/05 18:21:19 [DEBUG] Successfully incremented state for identity ordererAdmin to 1
2022/10/05 18:21:19 [INFO] [::1]:53983 POST /enroll 201 0 "OK"
2022/10/05 18:36:12 [DEBUG] Cleaning up expired nonces for CA 'ca'
