[34m2022-10-05 18:21:21.953 KST [localconfig] completeInitialization -> INFO 001[0m FileLedger.Prefix unset, setting to hyperledger-fabric-ordererledger
[34m2022-10-05 18:21:21.953 KST [localconfig] completeInitialization -> INFO 002[0m Kafka.Version unset, setting to 0.10.2.0
[34m2022-10-05 18:21:21.953 KST [orderer.common.server] prettyPrintStruct -> INFO 003[0m Orderer config values:
	General.ListenAddress = "0.0.0.0"
	General.ListenPort = 7050
	General.TLS.Enabled = true
	General.TLS.PrivateKey = "/Users/park/code/purefabric/organizations/ordererOrganizations/example.com/orderers/orderer.example.com/tls/server.key"
	General.TLS.Certificate = "/Users/park/code/purefabric/organizations/ordererOrganizations/example.com/orderers/orderer.example.com/tls/server.crt"
	General.TLS.RootCAs = [/Users/park/code/purefabric/organizations/ordererOrganizations/example.com/orderers/orderer.example.com/tls/ca.crt]
	General.TLS.ClientAuthRequired = false
	General.TLS.ClientRootCAs = []
	General.TLS.TLSHandshakeTimeShift = 0s
	General.Cluster.ListenAddress = ""
	General.Cluster.ListenPort = 0
	General.Cluster.ServerCertificate = ""
	General.Cluster.ServerPrivateKey = ""
	General.Cluster.ClientCertificate = ""
	General.Cluster.ClientPrivateKey = ""
	General.Cluster.RootCAs = []
	General.Cluster.DialTimeout = 5s
	General.Cluster.RPCTimeout = 7s
	General.Cluster.ReplicationBufferSize = 20971520
	General.Cluster.ReplicationPullTimeout = 5s
	General.Cluster.ReplicationRetryTimeout = 5s
	General.Cluster.ReplicationBackgroundRefreshInterval = 5m0s
	General.Cluster.ReplicationMaxRetries = 12
	General.Cluster.SendBufferSize = 10
	General.Cluster.CertExpirationWarningThreshold = 168h0m0s
	General.Cluster.TLSHandshakeTimeShift = 0s
	General.Keepalive.ServerMinInterval = 1m0s
	General.Keepalive.ServerInterval = 2h0m0s
	General.Keepalive.ServerTimeout = 20s
	General.ConnectionTimeout = 0s
	General.GenesisMethod = ""
	General.GenesisFile = ""
	General.BootstrapMethod = "file"
	General.BootstrapFile = "/Users/park/code/purefabric/channel-artifacts/genesis.block"
	General.Profile.Enabled = false
	General.Profile.Address = "0.0.0.0:6060"
	General.LocalMSPDir = "/Users/park/code/purefabric/organizations/ordererOrganizations/example.com/orderers/orderer.example.com/msp"
	General.LocalMSPID = "OrdererMSP"
	General.BCCSP.ProviderName = "SW"
	General.BCCSP.SwOpts.SecLevel = 256
	General.BCCSP.SwOpts.HashFamily = "SHA2"
	General.BCCSP.SwOpts.FileKeystore.KeyStorePath = ""
	General.BCCSP.SwOpts.DummyKeystore =
	General.BCCSP.SwOpts.InmemKeystore =
	General.BCCSP.MBPUOpts.SecLevel = 256
	General.BCCSP.MBPUOpts.HashFamily = "SHA2"
	General.BCCSP.MBPUOpts.FileKeystore =
	General.BCCSP.MBPUOpts.BoardCount = 1
	General.BCCSP.MBPUOpts.MBPUSign = false
	General.BCCSP.MBPUOpts.MBPUVerify = true
	General.BCCSP.MBPUOpts.MetricSocketPath = "/var/run"
	General.Authentication.TimeWindow = 15m0s
	General.Authentication.NoExpirationChecks = false
	FileLedger.Location = "/Users/park/code/purefabric/organizations/ordererOrganizations/example.com/orderers/orderer.example.com"
	FileLedger.Prefix = "hyperledger-fabric-ordererledger"
	Kafka.Retry.ShortInterval = 5s
	Kafka.Retry.ShortTotal = 10m0s
	Kafka.Retry.LongInterval = 5m0s
	Kafka.Retry.LongTotal = 12h0m0s
	Kafka.Retry.NetworkTimeouts.DialTimeout = 10s
	Kafka.Retry.NetworkTimeouts.ReadTimeout = 10s
	Kafka.Retry.NetworkTimeouts.WriteTimeout = 10s
	Kafka.Retry.Metadata.RetryMax = 3
	Kafka.Retry.Metadata.RetryBackoff = 250ms
	Kafka.Retry.Producer.RetryMax = 3
	Kafka.Retry.Producer.RetryBackoff = 100ms
	Kafka.Retry.Consumer.RetryBackoff = 2s
	Kafka.Verbose = true
	Kafka.Version = 0.10.2.0
	Kafka.TLS.Enabled = false
	Kafka.TLS.PrivateKey = ""
	Kafka.TLS.Certificate = ""
	Kafka.TLS.RootCAs = []
	Kafka.TLS.ClientAuthRequired = false
	Kafka.TLS.ClientRootCAs = []
	Kafka.TLS.TLSHandshakeTimeShift = 0s
	Kafka.SASLPlain.Enabled = false
	Kafka.SASLPlain.User = ""
	Kafka.SASLPlain.Password = ""
	Kafka.Topic.ReplicationFactor = 1
	Debug.BroadcastTraceDir = ""
	Debug.DeliverTraceDir = ""
	Consensus = map[SnapDir:/Users/park/code/purefabric/organizations/ordererOrganizations/example.com/orderers/orderer.example.com/etcdraft/snapshot WALDir:/Users/park/code/purefabric/organizations/ordererOrganizations/example.com/orderers/orderer.example.com/etcdraft/wal]
	Operations.ListenAddress = "0.0.0.0:7444"
	Operations.TLS.Enabled = false
	Operations.TLS.PrivateKey = ""
	Operations.TLS.Certificate = ""
	Operations.TLS.RootCAs = []
	Operations.TLS.ClientAuthRequired = false
	Operations.TLS.ClientRootCAs = []
	Operations.TLS.TLSHandshakeTimeShift = 0s
	Metrics.Provider = "disabled"
	Metrics.Statsd.Network = "udp"
	Metrics.Statsd.Address = "127.0.0.1:8125"
	Metrics.Statsd.WriteInterval = 30s
	Metrics.Statsd.Prefix = ""
	ChannelParticipation.Enabled = false
	ChannelParticipation.RemoveStorage = false
[34m2022-10-05 18:21:21.954 KST [orderer.common.server] initializeServerConfig -> INFO 004[0m Starting orderer with TLS enabled
[34m2022-10-05 18:21:22.013 KST [blkstorage] NewProvider -> INFO 005[0m Creating new file ledger directory at /Users/park/code/purefabric/organizations/ordererOrganizations/example.com/orderers/orderer.example.com/chains
[34m2022-10-05 18:21:22.014 KST [orderer.common.server] Main -> INFO 006[0m Bootstrapping the system channel
[34m2022-10-05 18:21:22.015 KST [blkstorage] newBlockfileMgr -> INFO 007[0m Getting block information from block storage
[34m2022-10-05 18:21:22.073 KST [orderer.common.server] selectClusterBootBlock -> INFO 008[0m Cluster boot block is bootstrap (genesis) block; Blocks Header.Number system-channel=0, bootstrap=0
[34m2022-10-05 18:21:22.074 KST [orderer.common.server] Main -> INFO 009[0m Starting with system channel: system-channel, consensus type: etcdraft
[34m2022-10-05 18:21:22.074 KST [orderer.common.server] Main -> INFO 00a[0m Setting up cluster
[34m2022-10-05 18:21:22.074 KST [orderer.common.server] reuseListener -> INFO 00b[0m Cluster listener is not configured, defaulting to use the general listener on port 7050
[34m2022-10-05 18:21:22.074 KST [orderer.common.server] reuseListener -> INFO 00c[0m Cluster listener is not configured, defaulting to use the general listener on port 7050
[34m2022-10-05 18:21:22.075 KST [orderer.common.cluster] loadVerifier -> INFO 00d[0m Loaded verifier for channel system-channel from config block at index 0
[34m2022-10-05 18:21:22.076 KST [certmonitor] trackCertExpiration -> INFO 00e[0m The enrollment certificate will expire on 2023-10-05 09:21:00 +0000 UTC
[34m2022-10-05 18:21:22.076 KST [certmonitor] trackCertExpiration -> INFO 00f[0m The server TLS certificate will expire on 2023-10-05 09:21:00 +0000 UTC
[34m2022-10-05 18:21:22.076 KST [certmonitor] trackCertExpiration -> INFO 010[0m The client TLS certificate will expire on 2023-10-05 09:21:00 +0000 UTC
[34m2022-10-05 18:21:22.080 KST [orderer.consensus.etcdraft] HandleChain -> INFO 011[0m EvictionSuspicion not set, defaulting to 10m0s
[34m2022-10-05 18:21:22.080 KST [orderer.consensus.etcdraft] createOrReadWAL -> INFO 012[0m No WAL data found, creating new WAL at path '/Users/park/code/purefabric/organizations/ordererOrganizations/example.com/orderers/orderer.example.com/etcdraft/wal/system-channel' channel=system-channel node=1
[34m2022-10-05 18:21:22.157 KST [orderer.commmon.multichannel] Initialize -> INFO 013[0m Starting system channel 'system-channel' with genesis block hash 8ac2ba378190ad58af65a68d6cd503da10d1a5f69fb5842b6c6bcc8156a317b5 and orderer type etcdraft
[34m2022-10-05 18:21:22.158 KST [orderer.consensus.etcdraft] Start -> INFO 014[0m Starting Raft node channel=system-channel node=1
[34m2022-10-05 18:21:22.158 KST [orderer.common.cluster] Configure -> INFO 015[0m Entering, channel: system-channel, nodes: []
[34m2022-10-05 18:21:22.158 KST [orderer.common.cluster] Configure -> INFO 016[0m Exiting
[34m2022-10-05 18:21:22.158 KST [orderer.consensus.etcdraft] start -> INFO 017[0m Starting raft node as part of a new channel channel=system-channel node=1
[34m2022-10-05 18:21:22.158 KST [orderer.consensus.etcdraft] becomeFollower -> INFO 018[0m 1 became follower at term 0 channel=system-channel node=1
[34m2022-10-05 18:21:22.158 KST [orderer.consensus.etcdraft] newRaft -> INFO 019[0m newRaft 1 [peers: [], term: 0, commit: 0, applied: 0, lastindex: 0, lastterm: 0] channel=system-channel node=1
[34m2022-10-05 18:21:22.158 KST [orderer.consensus.etcdraft] becomeFollower -> INFO 01a[0m 1 became follower at term 1 channel=system-channel node=1
[34m2022-10-05 18:21:22.158 KST [orderer.common.server] Main -> INFO 01b[0m Starting Mdl orderer:
 Version: 1.0 2022-08-10
 Commit SHA: 8445c0a9c
 Go version: go1.19.1
 OS/Arch: darwin/arm64
 Base Fabric version: 2.2.2
[34m2022-10-05 18:21:22.158 KST [orderer.consensus.etcdraft] run -> INFO 01c[0m This node is picked to start campaign channel=system-channel node=1
[34m2022-10-05 18:21:22.162 KST [orderer.common.server] Main -> INFO 01d[0m Beginning to serve requests
[34m2022-10-05 18:21:22.189 KST [orderer.consensus.etcdraft] apply -> INFO 01e[0m Applied config change to add node 1, current nodes in channel: [1] channel=system-channel node=1
[34m2022-10-05 18:21:23.160 KST [orderer.consensus.etcdraft] Step -> INFO 01f[0m 1 is starting a new election at term 1 channel=system-channel node=1
[34m2022-10-05 18:21:23.160 KST [orderer.consensus.etcdraft] becomePreCandidate -> INFO 020[0m 1 became pre-candidate at term 1 channel=system-channel node=1
[34m2022-10-05 18:21:23.160 KST [orderer.consensus.etcdraft] poll -> INFO 021[0m 1 received MsgPreVoteResp from 1 at term 1 channel=system-channel node=1
[34m2022-10-05 18:21:23.160 KST [orderer.consensus.etcdraft] becomeCandidate -> INFO 022[0m 1 became candidate at term 2 channel=system-channel node=1
[34m2022-10-05 18:21:23.160 KST [orderer.consensus.etcdraft] poll -> INFO 023[0m 1 received MsgVoteResp from 1 at term 2 channel=system-channel node=1
[34m2022-10-05 18:21:23.160 KST [orderer.consensus.etcdraft] becomeLeader -> INFO 024[0m 1 became leader at term 2 channel=system-channel node=1
[34m2022-10-05 18:21:23.160 KST [orderer.consensus.etcdraft] run -> INFO 025[0m raft.node: 1 elected leader 1 at term 2 channel=system-channel node=1
[34m2022-10-05 18:21:23.178 KST [orderer.consensus.etcdraft] run -> INFO 027[0m Raft leader changed: 0 -> 1 channel=system-channel node=1
[34m2022-10-05 18:21:23.178 KST [orderer.consensus.etcdraft] run -> INFO 028[0m Start accepting requests as Raft leader at block [0] channel=system-channel node=1
[34m2022-10-05 18:21:23.178 KST [orderer.consensus.etcdraft] run -> INFO 026[0m Leader 1 is present, quit campaign channel=system-channel node=1
[34m2022-10-05 18:21:36.037 KST [orderer.consensus.etcdraft] propose -> INFO 029[0m Created block [1], there are 0 blocks in flight channel=system-channel node=1
[34m2022-10-05 18:21:36.037 KST [orderer.consensus.etcdraft] run -> INFO 02a[0m Received config transaction, pause accepting transaction till it is committed channel=system-channel node=1
[34m2022-10-05 18:21:36.038 KST [comm.grpc.server] 1 -> INFO 02b[0m streaming call completed grpc.service=orderer.AtomicBroadcast grpc.method=Broadcast grpc.peer_address=[::1]:54010 grpc.code=OK grpc.call_duration=4.694625ms
[34m2022-10-05 18:21:36.038 KST [comm.grpc.server] 1 -> INFO 02c[0m streaming call completed grpc.service=orderer.AtomicBroadcast grpc.method=Deliver grpc.peer_address=[::1]:54009 grpc.code=OK grpc.call_duration=7.237375ms
[34m2022-10-05 18:21:36.057 KST [orderer.consensus.etcdraft] writeBlock -> INFO 02d[0m Writing block [1] (Raft index: 3) to ledger channel=system-channel node=1
[34m2022-10-05 18:21:36.058 KST [blkstorage] newBlockfileMgr -> INFO 02e[0m Getting block information from block storage
[34m2022-10-05 18:21:36.114 KST [orderer.consensus.etcdraft] HandleChain -> INFO 02f[0m EvictionSuspicion not set, defaulting to 10m0s
[34m2022-10-05 18:21:36.115 KST [orderer.consensus.etcdraft] createOrReadWAL -> INFO 030[0m No WAL data found, creating new WAL at path '/Users/park/code/purefabric/organizations/ordererOrganizations/example.com/orderers/orderer.example.com/etcdraft/wal/mychannel0' channel=mychannel0 node=1
[34m2022-10-05 18:21:36.194 KST [orderer.commmon.multichannel] newChain -> INFO 031[0m Created and starting new channel mychannel0
[34m2022-10-05 18:21:36.194 KST [orderer.consensus.etcdraft] Start -> INFO 032[0m Starting Raft node channel=mychannel0 node=1
[34m2022-10-05 18:21:36.194 KST [orderer.common.cluster] Configure -> INFO 033[0m Entering, channel: mychannel0, nodes: []
[34m2022-10-05 18:21:36.194 KST [orderer.common.cluster] Configure -> INFO 034[0m Exiting
[34m2022-10-05 18:21:36.194 KST [orderer.consensus.etcdraft] start -> INFO 035[0m Starting raft node as part of a new channel channel=mychannel0 node=1
[34m2022-10-05 18:21:36.194 KST [orderer.consensus.etcdraft] becomeFollower -> INFO 036[0m 1 became follower at term 0 channel=mychannel0 node=1
[34m2022-10-05 18:21:36.194 KST [orderer.consensus.etcdraft] newRaft -> INFO 037[0m newRaft 1 [peers: [], term: 0, commit: 0, applied: 0, lastindex: 0, lastterm: 0] channel=mychannel0 node=1
[34m2022-10-05 18:21:36.194 KST [orderer.consensus.etcdraft] becomeFollower -> INFO 038[0m 1 became follower at term 1 channel=mychannel0 node=1
[34m2022-10-05 18:21:36.194 KST [orderer.consensus.etcdraft] run -> INFO 039[0m This node is picked to start campaign channel=mychannel0 node=1
[34m2022-10-05 18:21:36.243 KST [orderer.consensus.etcdraft] apply -> INFO 03a[0m Applied config change to add node 1, current nodes in channel: [1] channel=mychannel0 node=1
[33m2022-10-05 18:21:36.259 KST [common.deliver] deliverBlocks -> WARN 03b[0m [channel: mychannel0] Rejecting deliver request for [::1]:54011 because of consenter error
[34m2022-10-05 18:21:36.259 KST [comm.grpc.server] 1 -> INFO 03c[0m streaming call completed grpc.service=orderer.AtomicBroadcast grpc.method=Deliver grpc.peer_address=[::1]:54011 grpc.code=OK grpc.call_duration=209.557ms
[33m2022-10-05 18:21:36.465 KST [common.deliver] deliverBlocks -> WARN 03d[0m [channel: mychannel0] Rejecting deliver request for [::1]:54012 because of consenter error
[34m2022-10-05 18:21:36.465 KST [comm.grpc.server] 1 -> INFO 03e[0m streaming call completed grpc.service=orderer.AtomicBroadcast grpc.method=Deliver grpc.peer_address=[::1]:54012 grpc.code=OK grpc.call_duration=201.660125ms
[33m2022-10-05 18:21:36.672 KST [common.deliver] deliverBlocks -> WARN 03f[0m [channel: mychannel0] Rejecting deliver request for [::1]:54013 because of consenter error
[34m2022-10-05 18:21:36.672 KST [comm.grpc.server] 1 -> INFO 040[0m streaming call completed grpc.service=orderer.AtomicBroadcast grpc.method=Deliver grpc.peer_address=[::1]:54013 grpc.code=OK grpc.call_duration=201.6875ms
[33m2022-10-05 18:21:36.878 KST [common.deliver] deliverBlocks -> WARN 041[0m [channel: mychannel0] Rejecting deliver request for [::1]:54014 because of consenter error
[34m2022-10-05 18:21:36.879 KST [comm.grpc.server] 1 -> INFO 042[0m streaming call completed grpc.service=orderer.AtomicBroadcast grpc.method=Deliver grpc.peer_address=[::1]:54014 grpc.code=OK grpc.call_duration=201.307708ms
[33m2022-10-05 18:21:37.086 KST [common.deliver] deliverBlocks -> WARN 043[0m [channel: mychannel0] Rejecting deliver request for [::1]:54015 because of consenter error
[34m2022-10-05 18:21:37.086 KST [comm.grpc.server] 1 -> INFO 044[0m streaming call completed grpc.service=orderer.AtomicBroadcast grpc.method=Deliver grpc.peer_address=[::1]:54015 grpc.code=OK grpc.call_duration=202.205584ms
[34m2022-10-05 18:21:37.195 KST [orderer.consensus.etcdraft] Step -> INFO 045[0m 1 is starting a new election at term 1 channel=mychannel0 node=1
[34m2022-10-05 18:21:37.195 KST [orderer.consensus.etcdraft] becomePreCandidate -> INFO 046[0m 1 became pre-candidate at term 1 channel=mychannel0 node=1
[34m2022-10-05 18:21:37.195 KST [orderer.consensus.etcdraft] poll -> INFO 047[0m 1 received MsgPreVoteResp from 1 at term 1 channel=mychannel0 node=1
[34m2022-10-05 18:21:37.195 KST [orderer.consensus.etcdraft] becomeCandidate -> INFO 048[0m 1 became candidate at term 2 channel=mychannel0 node=1
[34m2022-10-05 18:21:37.195 KST [orderer.consensus.etcdraft] poll -> INFO 049[0m 1 received MsgVoteResp from 1 at term 2 channel=mychannel0 node=1
[34m2022-10-05 18:21:37.195 KST [orderer.consensus.etcdraft] becomeLeader -> INFO 04a[0m 1 became leader at term 2 channel=mychannel0 node=1
[34m2022-10-05 18:21:37.195 KST [orderer.consensus.etcdraft] run -> INFO 04b[0m raft.node: 1 elected leader 1 at term 2 channel=mychannel0 node=1
[34m2022-10-05 18:21:37.215 KST [orderer.consensus.etcdraft] run -> INFO 04d[0m Raft leader changed: 0 -> 1 channel=mychannel0 node=1
[34m2022-10-05 18:21:37.215 KST [orderer.consensus.etcdraft] run -> INFO 04c[0m Leader 1 is present, quit campaign channel=mychannel0 node=1
[34m2022-10-05 18:21:37.215 KST [orderer.consensus.etcdraft] run -> INFO 04e[0m Start accepting requests as Raft leader at block [0] channel=mychannel0 node=1
[33m2022-10-05 18:21:37.302 KST [common.deliver] Handle -> WARN 04f[0m Error reading from [::1]:54016: rpc error: code = Canceled desc = context canceled
[34m2022-10-05 18:21:37.302 KST [comm.grpc.server] 1 -> INFO 050[0m streaming call completed grpc.service=orderer.AtomicBroadcast grpc.method=Deliver grpc.peer_address=[::1]:54016 error="rpc error: code = Canceled desc = context canceled" grpc.code=Canceled grpc.call_duration=208.649334ms
[33m2022-10-05 18:21:42.658 KST [common.deliver] Handle -> WARN 051[0m Error reading from 192.168.3.193:54021: rpc error: code = Canceled desc = context canceled
[34m2022-10-05 18:21:42.658 KST [comm.grpc.server] 1 -> INFO 052[0m streaming call completed grpc.service=orderer.AtomicBroadcast grpc.method=Deliver grpc.peer_address=192.168.3.193:54021 error="rpc error: code = Canceled desc = context canceled" grpc.code=Canceled grpc.call_duration=3.86225ms
[34m2022-10-05 18:21:42.810 KST [orderer.consensus.etcdraft] propose -> INFO 053[0m Created block [1], there are 0 blocks in flight channel=mychannel0 node=1
[34m2022-10-05 18:21:42.810 KST [orderer.consensus.etcdraft] run -> INFO 054[0m Received config transaction, pause accepting transaction till it is committed channel=mychannel0 node=1
[33m2022-10-05 18:21:42.811 KST [orderer.common.broadcast] Handle -> WARN 055[0m Error reading from 192.168.3.193:54022: rpc error: code = Canceled desc = context canceled
[34m2022-10-05 18:21:42.828 KST [orderer.consensus.etcdraft] writeBlock -> INFO 057[0m Writing block [1] (Raft index: 3) to ledger channel=mychannel0 node=1
[34m2022-10-05 18:21:42.828 KST [comm.grpc.server] 1 -> INFO 056[0m streaming call completed grpc.service=orderer.AtomicBroadcast grpc.method=Broadcast grpc.peer_address=192.168.3.193:54022 error="rpc error: code = Canceled desc = context canceled" grpc.code=Canceled grpc.call_duration=19.746459ms
[34m2022-10-05 18:22:27.569 KST [orderer.consensus.etcdraft] propose -> INFO 058[0m Created block [2], there are 0 blocks in flight channel=mychannel0 node=1
[34m2022-10-05 18:22:27.588 KST [orderer.consensus.etcdraft] writeBlock -> INFO 059[0m Writing block [2] (Raft index: 4) to ledger channel=mychannel0 node=1
[33m2022-10-05 18:22:27.704 KST [orderer.common.broadcast] Handle -> WARN 05a[0m Error reading from [::1]:54036: rpc error: code = Canceled desc = context canceled
[34m2022-10-05 18:22:27.737 KST [comm.grpc.server] 1 -> INFO 05b[0m streaming call completed grpc.service=orderer.AtomicBroadcast grpc.method=Broadcast grpc.peer_address=[::1]:54036 error="rpc error: code = Canceled desc = context canceled" grpc.code=Canceled grpc.call_duration=2.1905615s
[34m2022-10-05 18:22:32.829 KST [orderer.consensus.etcdraft] propose -> INFO 05c[0m Created block [3], there are 0 blocks in flight channel=mychannel0 node=1
[34m2022-10-05 18:22:32.849 KST [orderer.consensus.etcdraft] writeBlock -> INFO 05d[0m Writing block [3] (Raft index: 5) to ledger channel=mychannel0 node=1
[33m2022-10-05 18:22:33.047 KST [orderer.common.broadcast] Handle -> WARN 05e[0m Error reading from [::1]:54045: rpc error: code = Canceled desc = context canceled
[34m2022-10-05 18:22:33.063 KST [comm.grpc.server] 1 -> INFO 05f[0m streaming call completed grpc.service=orderer.AtomicBroadcast grpc.method=Broadcast grpc.peer_address=[::1]:54045 error="rpc error: code = Canceled desc = context canceled" grpc.code=Canceled grpc.call_duration=2.237388917s
[34m2022-10-05 18:22:45.241 KST [orderer.consensus.etcdraft] propose -> INFO 060[0m Created block [2], there are 0 blocks in flight channel=system-channel node=1
[34m2022-10-05 18:22:45.241 KST [orderer.consensus.etcdraft] run -> INFO 061[0m Received config transaction, pause accepting transaction till it is committed channel=system-channel node=1
[34m2022-10-05 18:22:45.242 KST [comm.grpc.server] 1 -> INFO 062[0m streaming call completed grpc.service=orderer.AtomicBroadcast grpc.method=Broadcast grpc.peer_address=[::1]:54054 grpc.code=OK grpc.call_duration=2.988584ms
[34m2022-10-05 18:22:45.242 KST [comm.grpc.server] 1 -> INFO 063[0m streaming call completed grpc.service=orderer.AtomicBroadcast grpc.method=Deliver grpc.peer_address=[::1]:54053 grpc.code=OK grpc.call_duration=5.252209ms
[34m2022-10-05 18:22:45.259 KST [orderer.consensus.etcdraft] writeBlock -> INFO 064[0m Writing block [2] (Raft index: 4) to ledger channel=system-channel node=1
[34m2022-10-05 18:22:45.260 KST [blkstorage] newBlockfileMgr -> INFO 065[0m Getting block information from block storage
[34m2022-10-05 18:22:45.333 KST [orderer.consensus.etcdraft] HandleChain -> INFO 066[0m EvictionSuspicion not set, defaulting to 10m0s
[34m2022-10-05 18:22:45.333 KST [orderer.consensus.etcdraft] createOrReadWAL -> INFO 067[0m No WAL data found, creating new WAL at path '/Users/park/code/purefabric/organizations/ordererOrganizations/example.com/orderers/orderer.example.com/etcdraft/wal/mychannel1' channel=mychannel1 node=1
[34m2022-10-05 18:22:45.450 KST [orderer.commmon.multichannel] newChain -> INFO 068[0m Created and starting new channel mychannel1
[34m2022-10-05 18:22:45.465 KST [orderer.consensus.etcdraft] Start -> INFO 069[0m Starting Raft node channel=mychannel1 node=1
[34m2022-10-05 18:22:45.466 KST [orderer.common.cluster] Configure -> INFO 06a[0m Entering, channel: mychannel1, nodes: []
[34m2022-10-05 18:22:45.466 KST [orderer.common.cluster] Configure -> INFO 06b[0m Exiting
[34m2022-10-05 18:22:45.466 KST [orderer.consensus.etcdraft] start -> INFO 06c[0m Starting raft node as part of a new channel channel=mychannel1 node=1
[34m2022-10-05 18:22:45.466 KST [orderer.consensus.etcdraft] becomeFollower -> INFO 06d[0m 1 became follower at term 0 channel=mychannel1 node=1
[34m2022-10-05 18:22:45.466 KST [orderer.consensus.etcdraft] newRaft -> INFO 06e[0m newRaft 1 [peers: [], term: 0, commit: 0, applied: 0, lastindex: 0, lastterm: 0] channel=mychannel1 node=1
[34m2022-10-05 18:22:45.466 KST [orderer.consensus.etcdraft] becomeFollower -> INFO 06f[0m 1 became follower at term 1 channel=mychannel1 node=1
[34m2022-10-05 18:22:45.466 KST [orderer.consensus.etcdraft] run -> INFO 070[0m This node is picked to start campaign channel=mychannel1 node=1
[33m2022-10-05 18:22:45.466 KST [common.deliver] deliverBlocks -> WARN 071[0m [channel: mychannel1] Rejecting deliver request for [::1]:54055 because of consenter error
[34m2022-10-05 18:22:45.467 KST [comm.grpc.server] 1 -> INFO 072[0m streaming call completed grpc.service=orderer.AtomicBroadcast grpc.method=Deliver grpc.peer_address=[::1]:54055 grpc.code=OK grpc.call_duration=222.318459ms
[34m2022-10-05 18:22:45.501 KST [orderer.consensus.etcdraft] apply -> INFO 073[0m Applied config change to add node 1, current nodes in channel: [1] channel=mychannel1 node=1
[33m2022-10-05 18:22:45.686 KST [common.deliver] deliverBlocks -> WARN 074[0m [channel: mychannel1] Rejecting deliver request for [::1]:54056 because of consenter error
[34m2022-10-05 18:22:45.686 KST [comm.grpc.server] 1 -> INFO 075[0m streaming call completed grpc.service=orderer.AtomicBroadcast grpc.method=Deliver grpc.peer_address=[::1]:54056 grpc.code=OK grpc.call_duration=208.422542ms
[33m2022-10-05 18:22:45.894 KST [common.deliver] deliverBlocks -> WARN 076[0m [channel: mychannel1] Rejecting deliver request for [::1]:54057 because of consenter error
[34m2022-10-05 18:22:45.894 KST [comm.grpc.server] 1 -> INFO 077[0m streaming call completed grpc.service=orderer.AtomicBroadcast grpc.method=Deliver grpc.peer_address=[::1]:54057 grpc.code=OK grpc.call_duration=201.896417ms
[33m2022-10-05 18:22:46.102 KST [common.deliver] deliverBlocks -> WARN 078[0m [channel: mychannel1] Rejecting deliver request for [::1]:54058 because of consenter error
[34m2022-10-05 18:22:46.102 KST [comm.grpc.server] 1 -> INFO 079[0m streaming call completed grpc.service=orderer.AtomicBroadcast grpc.method=Deliver grpc.peer_address=[::1]:54058 grpc.code=OK grpc.call_duration=201.669292ms
[33m2022-10-05 18:22:46.309 KST [common.deliver] deliverBlocks -> WARN 07a[0m [channel: mychannel1] Rejecting deliver request for [::1]:54059 because of consenter error
[34m2022-10-05 18:22:46.309 KST [comm.grpc.server] 1 -> INFO 07b[0m streaming call completed grpc.service=orderer.AtomicBroadcast grpc.method=Deliver grpc.peer_address=[::1]:54059 grpc.code=OK grpc.call_duration=201.61ms
[34m2022-10-05 18:22:46.467 KST [orderer.consensus.etcdraft] Step -> INFO 07c[0m 1 is starting a new election at term 1 channel=mychannel1 node=1
[34m2022-10-05 18:22:46.467 KST [orderer.consensus.etcdraft] becomePreCandidate -> INFO 07d[0m 1 became pre-candidate at term 1 channel=mychannel1 node=1
[34m2022-10-05 18:22:46.467 KST [orderer.consensus.etcdraft] poll -> INFO 07e[0m 1 received MsgPreVoteResp from 1 at term 1 channel=mychannel1 node=1
[34m2022-10-05 18:22:46.467 KST [orderer.consensus.etcdraft] becomeCandidate -> INFO 07f[0m 1 became candidate at term 2 channel=mychannel1 node=1
[34m2022-10-05 18:22:46.468 KST [orderer.consensus.etcdraft] poll -> INFO 080[0m 1 received MsgVoteResp from 1 at term 2 channel=mychannel1 node=1
[34m2022-10-05 18:22:46.468 KST [orderer.consensus.etcdraft] becomeLeader -> INFO 081[0m 1 became leader at term 2 channel=mychannel1 node=1
[34m2022-10-05 18:22:46.468 KST [orderer.consensus.etcdraft] run -> INFO 082[0m raft.node: 1 elected leader 1 at term 2 channel=mychannel1 node=1
[34m2022-10-05 18:22:46.486 KST [orderer.consensus.etcdraft] run -> INFO 083[0m Leader 1 is present, quit campaign channel=mychannel1 node=1
[34m2022-10-05 18:22:46.486 KST [orderer.consensus.etcdraft] run -> INFO 084[0m Raft leader changed: 0 -> 1 channel=mychannel1 node=1
[34m2022-10-05 18:22:46.486 KST [orderer.consensus.etcdraft] run -> INFO 085[0m Start accepting requests as Raft leader at block [0] channel=mychannel1 node=1
[34m2022-10-05 18:22:46.519 KST [comm.grpc.server] 1 -> INFO 086[0m streaming call completed grpc.service=orderer.AtomicBroadcast grpc.method=Deliver grpc.peer_address=[::1]:54060 grpc.code=OK grpc.call_duration=206.7685ms
[33m2022-10-05 18:22:51.866 KST [common.deliver] Handle -> WARN 087[0m Error reading from 192.168.3.193:54065: rpc error: code = Canceled desc = context canceled
[34m2022-10-05 18:22:51.866 KST [comm.grpc.server] 1 -> INFO 088[0m streaming call completed grpc.service=orderer.AtomicBroadcast grpc.method=Deliver grpc.peer_address=192.168.3.193:54065 error="rpc error: code = Canceled desc = context canceled" grpc.code=Canceled grpc.call_duration=3.313916ms
[34m2022-10-05 18:22:51.996 KST [orderer.consensus.etcdraft] propose -> INFO 089[0m Created block [1], there are 0 blocks in flight channel=mychannel1 node=1
[34m2022-10-05 18:22:51.996 KST [orderer.consensus.etcdraft] run -> INFO 08a[0m Received config transaction, pause accepting transaction till it is committed channel=mychannel1 node=1
[33m2022-10-05 18:22:51.997 KST [orderer.common.broadcast] Handle -> WARN 08b[0m Error reading from 192.168.3.193:54066: rpc error: code = Canceled desc = context canceled
[34m2022-10-05 18:22:52.014 KST [orderer.consensus.etcdraft] writeBlock -> INFO 08c[0m Writing block [1] (Raft index: 3) to ledger channel=mychannel1 node=1
[34m2022-10-05 18:22:52.014 KST [comm.grpc.server] 1 -> INFO 08d[0m streaming call completed grpc.service=orderer.AtomicBroadcast grpc.method=Broadcast grpc.peer_address=192.168.3.193:54066 error="rpc error: code = Canceled desc = context canceled" grpc.code=Canceled grpc.call_duration=19.888083ms
[34m2022-10-05 18:23:34.053 KST [orderer.consensus.etcdraft] propose -> INFO 08e[0m Created block [2], there are 0 blocks in flight channel=mychannel1 node=1
[34m2022-10-05 18:23:34.072 KST [orderer.consensus.etcdraft] writeBlock -> INFO 08f[0m Writing block [2] (Raft index: 4) to ledger channel=mychannel1 node=1
[33m2022-10-05 18:23:34.206 KST [orderer.common.broadcast] Handle -> WARN 090[0m Error reading from [::1]:54079: rpc error: code = Canceled desc = context canceled
[34m2022-10-05 18:23:34.222 KST [comm.grpc.server] 1 -> INFO 091[0m streaming call completed grpc.service=orderer.AtomicBroadcast grpc.method=Broadcast grpc.peer_address=[::1]:54079 error="rpc error: code = Canceled desc = context canceled" grpc.code=Canceled grpc.call_duration=2.192069583s
[34m2022-10-05 18:23:39.333 KST [orderer.consensus.etcdraft] propose -> INFO 092[0m Created block [3], there are 0 blocks in flight channel=mychannel1 node=1
[34m2022-10-05 18:23:39.352 KST [orderer.consensus.etcdraft] writeBlock -> INFO 093[0m Writing block [3] (Raft index: 5) to ledger channel=mychannel1 node=1
[33m2022-10-05 18:23:39.560 KST [orderer.common.broadcast] Handle -> WARN 094[0m Error reading from [::1]:54090: rpc error: code = Canceled desc = context canceled
[34m2022-10-05 18:23:39.577 KST [comm.grpc.server] 1 -> INFO 095[0m streaming call completed grpc.service=orderer.AtomicBroadcast grpc.method=Broadcast grpc.peer_address=[::1]:54090 error="rpc error: code = Canceled desc = context canceled" grpc.code=Canceled grpc.call_duration=2.247220584s
